[0.208s] -- The C compiler identification is GNU 7.5.0
[0.335s] -- The CXX compiler identification is GNU 7.5.0
[0.347s] -- Check for working C compiler: /usr/bin/cc
[0.441s] -- Check for working C compiler: /usr/bin/cc -- works
[0.442s] -- Detecting C compiler ABI info
[0.524s] -- Detecting C compiler ABI info - done
[0.533s] -- Detecting C compile features
[0.783s] -- Detecting C compile features - done
[0.796s] -- Check for working CXX compiler: /usr/bin/c++
[0.887s] -- Check for working CXX compiler: /usr/bin/c++ -- works
[0.887s] -- Detecting CXX compiler ABI info
[0.976s] -- Detecting CXX compiler ABI info - done
[0.986s] -- Detecting CXX compile features
[1.371s] -- Detecting CXX compile features - done
[1.384s] -- Found ament_cmake: 0.8.2 (/opt/ros/eloquent/share/ament_cmake/cmake)
[1.424s] -- Found PythonInterp: /usr/bin/python3 (found suitable version "3.6.9", minimum required is "3") 
[1.424s] -- Using PYTHON_EXECUTABLE: /usr/bin/python3
[1.664s] -- Override CMake install command with custom implementation using symlinks instead of copying resources
[1.709s] -- Found rclcpp: 0.8.4 (/opt/ros/eloquent/share/rclcpp/cmake)
[1.759s] -- Found rosidl_adapter: 0.8.2 (/opt/ros/eloquent/share/rosidl_adapter/cmake)
[1.859s] -- Found rmw_implementation_cmake: 0.8.1 (/opt/ros/eloquent/share/rmw_implementation_cmake/cmake)
[1.864s] -- Using RMW implementation 'rmw_fastrtps_cpp' as default
[1.867s] -- Looking for pthread.h
[1.955s] -- Looking for pthread.h - found
[1.955s] -- Looking for pthread_create
[2.035s] -- Looking for pthread_create - not found
[2.035s] -- Looking for pthread_create in pthreads
[2.097s] -- Looking for pthread_create in pthreads - not found
[2.097s] -- Looking for pthread_create in pthread
[2.176s] -- Looking for pthread_create in pthread - found
[2.177s] -- Found Threads: TRUE  
[2.250s] -- Found rclcpp_lifecycle: 0.8.4 (/opt/ros/eloquent/share/rclcpp_lifecycle/cmake)
[2.403s] -- Configuring done
[2.406s] -- Generating done
[2.408s] -- Build files have been written to: /home/katya/ros2_ws/handGestureRecognition/build/handgesturerecognition
[2.545s] Install the project...
[2.554s] -- Install configuration: ""
[2.555s] -- Execute custom install script
[2.556s] -- Symlinking: /home/katya/ros2_ws/handGestureRecognition/install/handgesturerecognition/share/handgesturerecognition//launch/activate.ComponentInstance4.py
[2.566s] -- Symlinking: /home/katya/ros2_ws/handGestureRecognition/install/handgesturerecognition/share/handgesturerecognition//launch/activate.ComponentInstance5.py
[2.575s] -- Symlinking: /home/katya/ros2_ws/handGestureRecognition/install/handgesturerecognition/share/handgesturerecognition//launch/activate.py
[2.585s] -- Symlinking: /home/katya/ros2_ws/handGestureRecognition/install/handgesturerecognition/share/handgesturerecognition//launch/cfg/param.yaml
[2.594s] -- Symlinking: /home/katya/ros2_ws/handGestureRecognition/install/handgesturerecognition/share/handgesturerecognition//launch/launch.ComponentInstance4.py
[2.604s] -- Symlinking: /home/katya/ros2_ws/handGestureRecognition/install/handgesturerecognition/share/handgesturerecognition//launch/launch.ComponentInstance5.py
[2.614s] -- Symlinking: /home/katya/ros2_ws/handGestureRecognition/install/handgesturerecognition/share/handgesturerecognition//launch/launch.py
[2.623s] -- Symlinking: /home/katya/ros2_ws/handGestureRecognition/install/handgesturerecognition/share/ament_index/resource_index/package_run_dependencies/handgesturerecognition
[2.633s] -- Symlinking: /home/katya/ros2_ws/handGestureRecognition/install/handgesturerecognition/share/ament_index/resource_index/parent_prefix_path/handgesturerecognition
[2.647s] -- Symlinking: /home/katya/ros2_ws/handGestureRecognition/install/handgesturerecognition/share/handgesturerecognition/environment/ament_prefix_path.sh
[2.657s] -- Symlinking: /home/katya/ros2_ws/handGestureRecognition/install/handgesturerecognition/share/handgesturerecognition/environment/ament_prefix_path.dsv
[2.667s] -- Symlinking: /home/katya/ros2_ws/handGestureRecognition/install/handgesturerecognition/share/handgesturerecognition/environment/path.sh
[2.676s] -- Symlinking: /home/katya/ros2_ws/handGestureRecognition/install/handgesturerecognition/share/handgesturerecognition/environment/path.dsv
[2.686s] -- Symlinking: /home/katya/ros2_ws/handGestureRecognition/install/handgesturerecognition/share/handgesturerecognition/local_setup.bash
[2.695s] -- Symlinking: /home/katya/ros2_ws/handGestureRecognition/install/handgesturerecognition/share/handgesturerecognition/local_setup.sh
[2.705s] -- Symlinking: /home/katya/ros2_ws/handGestureRecognition/install/handgesturerecognition/share/handgesturerecognition/local_setup.zsh
[2.715s] -- Symlinking: /home/katya/ros2_ws/handGestureRecognition/install/handgesturerecognition/share/handgesturerecognition/local_setup.dsv
[2.724s] -- Symlinking: /home/katya/ros2_ws/handGestureRecognition/install/handgesturerecognition/share/handgesturerecognition/package.dsv
[2.734s] -- Symlinking: /home/katya/ros2_ws/handGestureRecognition/install/handgesturerecognition/share/ament_index/resource_index/packages/handgesturerecognition
[2.744s] -- Symlinking: /home/katya/ros2_ws/handGestureRecognition/install/handgesturerecognition/share/handgesturerecognition/cmake/handgesturerecognitionConfig.cmake
[2.753s] -- Symlinking: /home/katya/ros2_ws/handGestureRecognition/install/handgesturerecognition/share/handgesturerecognition/cmake/handgesturerecognitionConfig-version.cmake
[2.763s] -- Symlinking: /home/katya/ros2_ws/handGestureRecognition/install/handgesturerecognition/share/handgesturerecognition/package.xml
