[0.222s] DEBUG:colcon:Command line arguments: ['/usr/bin/colcon', 'build', '--symlink-install', '--packages-up-to', 'gesturedetector']
[0.222s] DEBUG:colcon:Parsed command line arguments: Namespace(ament_cmake_args=None, base_paths=['.'], build_base='build', catkin_cmake_args=None, catkin_skip_building_tests=False, cmake_args=None, cmake_clean_cache=False, cmake_clean_first=False, cmake_force_configure=False, cmake_target=None, cmake_target_skip_unavailable=False, continue_on_error=False, event_handlers=None, executor='parallel', ignore_user_meta=False, install_base='install', log_base=None, log_level=None, main=<bound method BuildVerb.main of <colcon_core.verb.build.BuildVerb object at 0x7f841e8a7a90>>, merge_install=False, metas=['./colcon.meta'], packages_above=None, packages_above_depth=None, packages_end=None, packages_ignore=None, packages_ignore_regex=None, packages_select=None, packages_select_build_failed=False, packages_select_by_dep=None, packages_select_regex=None, packages_select_test_failures=False, packages_skip=None, packages_skip_build_finished=False, packages_skip_by_dep=None, packages_skip_regex=None, packages_skip_test_passed=False, packages_skip_up_to=None, packages_start=None, packages_up_to=['gesturedetector'], parallel_workers=4, paths=None, symlink_install=True, test_result_base=None, verb_extension=<colcon_core.verb.build.BuildVerb object at 0x7f841e8a7a90>, verb_name='build', verb_parser=<colcon_defaults.argument_parser.defaults.DefaultArgumentsDecorator object at 0x7f841e8a7dd8>)
[0.272s] Level 1:colcon.colcon_core.package_discovery:discover_packages(colcon_meta) check parameters
[0.272s] Level 1:colcon.colcon_core.package_discovery:discover_packages(recursive) check parameters
[0.272s] Level 1:colcon.colcon_core.package_discovery:discover_packages(ignore) check parameters
[0.272s] Level 1:colcon.colcon_core.package_discovery:discover_packages(path) check parameters
[0.272s] Level 1:colcon.colcon_core.package_discovery:discover_packages(colcon_meta) discover
[0.273s] Level 1:colcon.colcon_core.package_discovery:discover_packages(recursive) discover
[0.273s] INFO:colcon.colcon_core.package_discovery:Crawling recursively for packages in '/home/katya/ros2_ws/handGestureRecognition'
[0.273s] Level 1:colcon.colcon_core.package_identification:_identify(.) by extensions ['ignore', 'ignore_ament_install']
[0.273s] Level 1:colcon.colcon_core.package_identification:_identify(.) by extension 'ignore'
[0.273s] Level 1:colcon.colcon_core.package_identification:_identify(.) by extension 'ignore_ament_install'
[0.273s] Level 1:colcon.colcon_core.package_identification:_identify(.) by extensions ['colcon_pkg']
[0.273s] Level 1:colcon.colcon_core.package_identification:_identify(.) by extension 'colcon_pkg'
[0.273s] Level 1:colcon.colcon_core.package_identification:_identify(.) by extensions ['colcon_meta']
[0.273s] Level 1:colcon.colcon_core.package_identification:_identify(.) by extension 'colcon_meta'
[0.273s] Level 1:colcon.colcon_core.package_identification:_identify(.) by extensions ['ros']
[0.273s] Level 1:colcon.colcon_core.package_identification:_identify(.) by extension 'ros'
[0.289s] Level 1:colcon.colcon_core.package_identification:_identify(.) by extensions ['cmake', 'python']
[0.289s] Level 1:colcon.colcon_core.package_identification:_identify(.) by extension 'cmake'
[0.289s] Level 1:colcon.colcon_core.package_identification:_identify(.) by extension 'python'
[0.289s] Level 1:colcon.colcon_core.package_identification:_identify(.) by extensions ['python_setup_py']
[0.289s] Level 1:colcon.colcon_core.package_identification:_identify(.) by extension 'python_setup_py'
[0.289s] Level 1:colcon.colcon_core.package_identification:_identify(build) by extensions ['ignore', 'ignore_ament_install']
[0.289s] Level 1:colcon.colcon_core.package_identification:_identify(build) by extension 'ignore'
[0.289s] Level 1:colcon.colcon_core.package_identification:_identify(build) ignored
[0.290s] Level 1:colcon.colcon_core.package_identification:_identify(data2RViz) by extensions ['ignore', 'ignore_ament_install']
[0.290s] Level 1:colcon.colcon_core.package_identification:_identify(data2RViz) by extension 'ignore'
[0.290s] Level 1:colcon.colcon_core.package_identification:_identify(data2RViz) by extension 'ignore_ament_install'
[0.290s] Level 1:colcon.colcon_core.package_identification:_identify(data2RViz) by extensions ['colcon_pkg']
[0.290s] Level 1:colcon.colcon_core.package_identification:_identify(data2RViz) by extension 'colcon_pkg'
[0.290s] Level 1:colcon.colcon_core.package_identification:_identify(data2RViz) by extensions ['colcon_meta']
[0.290s] Level 1:colcon.colcon_core.package_identification:_identify(data2RViz) by extension 'colcon_meta'
[0.290s] Level 1:colcon.colcon_core.package_identification:_identify(data2RViz) by extensions ['ros']
[0.290s] Level 1:colcon.colcon_core.package_identification:_identify(data2RViz) by extension 'ros'
[0.290s] Level 1:colcon.colcon_core.package_identification:_identify(data2RViz) by extensions ['cmake', 'python']
[0.290s] Level 1:colcon.colcon_core.package_identification:_identify(data2RViz) by extension 'cmake'
[0.290s] Level 1:colcon.colcon_core.package_identification:_identify(data2RViz) by extension 'python'
[0.291s] Level 1:colcon.colcon_core.package_identification:_identify(data2RViz) by extensions ['python_setup_py']
[0.291s] Level 1:colcon.colcon_core.package_identification:_identify(data2RViz) by extension 'python_setup_py'
[0.291s] Level 1:colcon.colcon_core.package_identification:_identify(data2RViz/models) by extensions ['ignore', 'ignore_ament_install']
[0.291s] Level 1:colcon.colcon_core.package_identification:_identify(data2RViz/models) by extension 'ignore'
[0.291s] Level 1:colcon.colcon_core.package_identification:_identify(data2RViz/models) by extension 'ignore_ament_install'
[0.291s] Level 1:colcon.colcon_core.package_identification:_identify(data2RViz/models) by extensions ['colcon_pkg']
[0.291s] Level 1:colcon.colcon_core.package_identification:_identify(data2RViz/models) by extension 'colcon_pkg'
[0.291s] Level 1:colcon.colcon_core.package_identification:_identify(data2RViz/models) by extensions ['colcon_meta']
[0.291s] Level 1:colcon.colcon_core.package_identification:_identify(data2RViz/models) by extension 'colcon_meta'
[0.291s] Level 1:colcon.colcon_core.package_identification:_identify(data2RViz/models) by extensions ['ros']
[0.291s] Level 1:colcon.colcon_core.package_identification:_identify(data2RViz/models) by extension 'ros'
[0.291s] Level 1:colcon.colcon_core.package_identification:_identify(data2RViz/models) by extensions ['cmake', 'python']
[0.291s] Level 1:colcon.colcon_core.package_identification:_identify(data2RViz/models) by extension 'cmake'
[0.291s] Level 1:colcon.colcon_core.package_identification:_identify(data2RViz/models) by extension 'python'
[0.291s] Level 1:colcon.colcon_core.package_identification:_identify(data2RViz/models) by extensions ['python_setup_py']
[0.291s] Level 1:colcon.colcon_core.package_identification:_identify(data2RViz/models) by extension 'python_setup_py'
[0.292s] Level 1:colcon.colcon_core.package_identification:_identify(data2RViz/models/components) by extensions ['ignore', 'ignore_ament_install']
[0.292s] Level 1:colcon.colcon_core.package_identification:_identify(data2RViz/models/components) by extension 'ignore'
[0.292s] Level 1:colcon.colcon_core.package_identification:_identify(data2RViz/models/components) by extension 'ignore_ament_install'
[0.292s] Level 1:colcon.colcon_core.package_identification:_identify(data2RViz/models/components) by extensions ['colcon_pkg']
[0.292s] Level 1:colcon.colcon_core.package_identification:_identify(data2RViz/models/components) by extension 'colcon_pkg'
[0.292s] Level 1:colcon.colcon_core.package_identification:_identify(data2RViz/models/components) by extensions ['colcon_meta']
[0.292s] Level 1:colcon.colcon_core.package_identification:_identify(data2RViz/models/components) by extension 'colcon_meta'
[0.292s] Level 1:colcon.colcon_core.package_identification:_identify(data2RViz/models/components) by extensions ['ros']
[0.292s] Level 1:colcon.colcon_core.package_identification:_identify(data2RViz/models/components) by extension 'ros'
[0.292s] Level 1:colcon.colcon_core.package_identification:_identify(data2RViz/models/components) by extensions ['cmake', 'python']
[0.292s] Level 1:colcon.colcon_core.package_identification:_identify(data2RViz/models/components) by extension 'cmake'
[0.292s] Level 1:colcon.colcon_core.package_identification:_identify(data2RViz/models/components) by extension 'python'
[0.292s] Level 1:colcon.colcon_core.package_identification:_identify(data2RViz/models/components) by extensions ['python_setup_py']
[0.292s] Level 1:colcon.colcon_core.package_identification:_identify(data2RViz/models/components) by extension 'python_setup_py'
[0.293s] Level 1:colcon.colcon_core.package_identification:_identify(data2RViz/models/services) by extensions ['ignore', 'ignore_ament_install']
[0.293s] Level 1:colcon.colcon_core.package_identification:_identify(data2RViz/models/services) by extension 'ignore'
[0.293s] Level 1:colcon.colcon_core.package_identification:_identify(data2RViz/models/services) by extension 'ignore_ament_install'
[0.293s] Level 1:colcon.colcon_core.package_identification:_identify(data2RViz/models/services) by extensions ['colcon_pkg']
[0.293s] Level 1:colcon.colcon_core.package_identification:_identify(data2RViz/models/services) by extension 'colcon_pkg'
[0.293s] Level 1:colcon.colcon_core.package_identification:_identify(data2RViz/models/services) by extensions ['colcon_meta']
[0.293s] Level 1:colcon.colcon_core.package_identification:_identify(data2RViz/models/services) by extension 'colcon_meta'
[0.293s] Level 1:colcon.colcon_core.package_identification:_identify(data2RViz/models/services) by extensions ['ros']
[0.293s] Level 1:colcon.colcon_core.package_identification:_identify(data2RViz/models/services) by extension 'ros'
[0.293s] Level 1:colcon.colcon_core.package_identification:_identify(data2RViz/models/services) by extensions ['cmake', 'python']
[0.293s] Level 1:colcon.colcon_core.package_identification:_identify(data2RViz/models/services) by extension 'cmake'
[0.293s] Level 1:colcon.colcon_core.package_identification:_identify(data2RViz/models/services) by extension 'python'
[0.293s] Level 1:colcon.colcon_core.package_identification:_identify(data2RViz/models/services) by extensions ['python_setup_py']
[0.293s] Level 1:colcon.colcon_core.package_identification:_identify(data2RViz/models/services) by extension 'python_setup_py'
[0.294s] Level 1:colcon.colcon_core.package_identification:_identify(data2RViz/models/skills) by extensions ['ignore', 'ignore_ament_install']
[0.294s] Level 1:colcon.colcon_core.package_identification:_identify(data2RViz/models/skills) by extension 'ignore'
[0.294s] Level 1:colcon.colcon_core.package_identification:_identify(data2RViz/models/skills) by extension 'ignore_ament_install'
[0.294s] Level 1:colcon.colcon_core.package_identification:_identify(data2RViz/models/skills) by extensions ['colcon_pkg']
[0.294s] Level 1:colcon.colcon_core.package_identification:_identify(data2RViz/models/skills) by extension 'colcon_pkg'
[0.294s] Level 1:colcon.colcon_core.package_identification:_identify(data2RViz/models/skills) by extensions ['colcon_meta']
[0.294s] Level 1:colcon.colcon_core.package_identification:_identify(data2RViz/models/skills) by extension 'colcon_meta'
[0.294s] Level 1:colcon.colcon_core.package_identification:_identify(data2RViz/models/skills) by extensions ['ros']
[0.294s] Level 1:colcon.colcon_core.package_identification:_identify(data2RViz/models/skills) by extension 'ros'
[0.294s] Level 1:colcon.colcon_core.package_identification:_identify(data2RViz/models/skills) by extensions ['cmake', 'python']
[0.294s] Level 1:colcon.colcon_core.package_identification:_identify(data2RViz/models/skills) by extension 'cmake'
[0.294s] Level 1:colcon.colcon_core.package_identification:_identify(data2RViz/models/skills) by extension 'python'
[0.294s] Level 1:colcon.colcon_core.package_identification:_identify(data2RViz/models/skills) by extensions ['python_setup_py']
[0.294s] Level 1:colcon.colcon_core.package_identification:_identify(data2RViz/models/skills) by extension 'python_setup_py'
[0.294s] Level 1:colcon.colcon_core.package_identification:_identify(data2RViz/models/system) by extensions ['ignore', 'ignore_ament_install']
[0.295s] Level 1:colcon.colcon_core.package_identification:_identify(data2RViz/models/system) by extension 'ignore'
[0.295s] Level 1:colcon.colcon_core.package_identification:_identify(data2RViz/models/system) by extension 'ignore_ament_install'
[0.295s] Level 1:colcon.colcon_core.package_identification:_identify(data2RViz/models/system) by extensions ['colcon_pkg']
[0.295s] Level 1:colcon.colcon_core.package_identification:_identify(data2RViz/models/system) by extension 'colcon_pkg'
[0.295s] Level 1:colcon.colcon_core.package_identification:_identify(data2RViz/models/system) by extensions ['colcon_meta']
[0.295s] Level 1:colcon.colcon_core.package_identification:_identify(data2RViz/models/system) by extension 'colcon_meta'
[0.295s] Level 1:colcon.colcon_core.package_identification:_identify(data2RViz/models/system) by extensions ['ros']
[0.295s] Level 1:colcon.colcon_core.package_identification:_identify(data2RViz/models/system) by extension 'ros'
[0.295s] Level 1:colcon.colcon_core.package_identification:_identify(data2RViz/models/system) by extensions ['cmake', 'python']
[0.295s] Level 1:colcon.colcon_core.package_identification:_identify(data2RViz/models/system) by extension 'cmake'
[0.295s] Level 1:colcon.colcon_core.package_identification:_identify(data2RViz/models/system) by extension 'python'
[0.295s] Level 1:colcon.colcon_core.package_identification:_identify(data2RViz/models/system) by extensions ['python_setup_py']
[0.295s] Level 1:colcon.colcon_core.package_identification:_identify(data2RViz/models/system) by extension 'python_setup_py'
[0.295s] Level 1:colcon.colcon_core.package_identification:_identify(data2RViz/models/taskbased-hara) by extensions ['ignore', 'ignore_ament_install']
[0.296s] Level 1:colcon.colcon_core.package_identification:_identify(data2RViz/models/taskbased-hara) by extension 'ignore'
[0.296s] Level 1:colcon.colcon_core.package_identification:_identify(data2RViz/models/taskbased-hara) by extension 'ignore_ament_install'
[0.296s] Level 1:colcon.colcon_core.package_identification:_identify(data2RViz/models/taskbased-hara) by extensions ['colcon_pkg']
[0.296s] Level 1:colcon.colcon_core.package_identification:_identify(data2RViz/models/taskbased-hara) by extension 'colcon_pkg'
[0.296s] Level 1:colcon.colcon_core.package_identification:_identify(data2RViz/models/taskbased-hara) by extensions ['colcon_meta']
[0.296s] Level 1:colcon.colcon_core.package_identification:_identify(data2RViz/models/taskbased-hara) by extension 'colcon_meta'
[0.296s] Level 1:colcon.colcon_core.package_identification:_identify(data2RViz/models/taskbased-hara) by extensions ['ros']
[0.296s] Level 1:colcon.colcon_core.package_identification:_identify(data2RViz/models/taskbased-hara) by extension 'ros'
[0.296s] Level 1:colcon.colcon_core.package_identification:_identify(data2RViz/models/taskbased-hara) by extensions ['cmake', 'python']
[0.296s] Level 1:colcon.colcon_core.package_identification:_identify(data2RViz/models/taskbased-hara) by extension 'cmake'
[0.296s] Level 1:colcon.colcon_core.package_identification:_identify(data2RViz/models/taskbased-hara) by extension 'python'
[0.296s] Level 1:colcon.colcon_core.package_identification:_identify(data2RViz/models/taskbased-hara) by extensions ['python_setup_py']
[0.296s] Level 1:colcon.colcon_core.package_identification:_identify(data2RViz/models/taskbased-hara) by extension 'python_setup_py'
[0.296s] Level 1:colcon.colcon_core.package_identification:_identify(data2RViz/models/tasks) by extensions ['ignore', 'ignore_ament_install']
[0.296s] Level 1:colcon.colcon_core.package_identification:_identify(data2RViz/models/tasks) by extension 'ignore'
[0.297s] Level 1:colcon.colcon_core.package_identification:_identify(data2RViz/models/tasks) by extension 'ignore_ament_install'
[0.297s] Level 1:colcon.colcon_core.package_identification:_identify(data2RViz/models/tasks) by extensions ['colcon_pkg']
[0.297s] Level 1:colcon.colcon_core.package_identification:_identify(data2RViz/models/tasks) by extension 'colcon_pkg'
[0.297s] Level 1:colcon.colcon_core.package_identification:_identify(data2RViz/models/tasks) by extensions ['colcon_meta']
[0.297s] Level 1:colcon.colcon_core.package_identification:_identify(data2RViz/models/tasks) by extension 'colcon_meta'
[0.297s] Level 1:colcon.colcon_core.package_identification:_identify(data2RViz/models/tasks) by extensions ['ros']
[0.297s] Level 1:colcon.colcon_core.package_identification:_identify(data2RViz/models/tasks) by extension 'ros'
[0.297s] Level 1:colcon.colcon_core.package_identification:_identify(data2RViz/models/tasks) by extensions ['cmake', 'python']
[0.297s] Level 1:colcon.colcon_core.package_identification:_identify(data2RViz/models/tasks) by extension 'cmake'
[0.297s] Level 1:colcon.colcon_core.package_identification:_identify(data2RViz/models/tasks) by extension 'python'
[0.297s] Level 1:colcon.colcon_core.package_identification:_identify(data2RViz/models/tasks) by extensions ['python_setup_py']
[0.297s] Level 1:colcon.colcon_core.package_identification:_identify(data2RViz/models/tasks) by extension 'python_setup_py'
[0.297s] Level 1:colcon.colcon_core.package_identification:_identify(gestureDetector) by extensions ['ignore', 'ignore_ament_install']
[0.297s] Level 1:colcon.colcon_core.package_identification:_identify(gestureDetector) by extension 'ignore'
[0.298s] Level 1:colcon.colcon_core.package_identification:_identify(gestureDetector) by extension 'ignore_ament_install'
[0.298s] Level 1:colcon.colcon_core.package_identification:_identify(gestureDetector) by extensions ['colcon_pkg']
[0.298s] Level 1:colcon.colcon_core.package_identification:_identify(gestureDetector) by extension 'colcon_pkg'
[0.298s] Level 1:colcon.colcon_core.package_identification:_identify(gestureDetector) by extensions ['colcon_meta']
[0.298s] Level 1:colcon.colcon_core.package_identification:_identify(gestureDetector) by extension 'colcon_meta'
[0.298s] Level 1:colcon.colcon_core.package_identification:_identify(gestureDetector) by extensions ['ros']
[0.298s] Level 1:colcon.colcon_core.package_identification:_identify(gestureDetector) by extension 'ros'
[0.301s] DEBUG:colcon.colcon_core.package_identification:Package 'gestureDetector' with type 'ros.ament_cmake' and name 'gesturedetector'
[0.301s] Level 1:colcon.colcon_core.package_identification:_identify(handGestureRecognition) by extensions ['ignore', 'ignore_ament_install']
[0.301s] Level 1:colcon.colcon_core.package_identification:_identify(handGestureRecognition) by extension 'ignore'
[0.301s] Level 1:colcon.colcon_core.package_identification:_identify(handGestureRecognition) by extension 'ignore_ament_install'
[0.302s] Level 1:colcon.colcon_core.package_identification:_identify(handGestureRecognition) by extensions ['colcon_pkg']
[0.302s] Level 1:colcon.colcon_core.package_identification:_identify(handGestureRecognition) by extension 'colcon_pkg'
[0.302s] Level 1:colcon.colcon_core.package_identification:_identify(handGestureRecognition) by extensions ['colcon_meta']
[0.302s] Level 1:colcon.colcon_core.package_identification:_identify(handGestureRecognition) by extension 'colcon_meta'
[0.302s] Level 1:colcon.colcon_core.package_identification:_identify(handGestureRecognition) by extensions ['ros']
[0.302s] Level 1:colcon.colcon_core.package_identification:_identify(handGestureRecognition) by extension 'ros'
[0.303s] DEBUG:colcon.colcon_core.package_identification:Package 'handGestureRecognition' with type 'ros.ament_cmake' and name 'handgesturerecognition'
[0.303s] Level 1:colcon.colcon_core.package_identification:_identify(handTracker) by extensions ['ignore', 'ignore_ament_install']
[0.303s] Level 1:colcon.colcon_core.package_identification:_identify(handTracker) by extension 'ignore'
[0.303s] Level 1:colcon.colcon_core.package_identification:_identify(handTracker) by extension 'ignore_ament_install'
[0.303s] Level 1:colcon.colcon_core.package_identification:_identify(handTracker) by extensions ['colcon_pkg']
[0.303s] Level 1:colcon.colcon_core.package_identification:_identify(handTracker) by extension 'colcon_pkg'
[0.303s] Level 1:colcon.colcon_core.package_identification:_identify(handTracker) by extensions ['colcon_meta']
[0.303s] Level 1:colcon.colcon_core.package_identification:_identify(handTracker) by extension 'colcon_meta'
[0.303s] Level 1:colcon.colcon_core.package_identification:_identify(handTracker) by extensions ['ros']
[0.303s] Level 1:colcon.colcon_core.package_identification:_identify(handTracker) by extension 'ros'
[0.303s] Level 1:colcon.colcon_core.package_identification:_identify(handTracker) by extensions ['cmake', 'python']
[0.303s] Level 1:colcon.colcon_core.package_identification:_identify(handTracker) by extension 'cmake'
[0.304s] Level 1:colcon.colcon_core.package_identification:_identify(handTracker) by extension 'python'
[0.304s] Level 1:colcon.colcon_core.package_identification:_identify(handTracker) by extensions ['python_setup_py']
[0.304s] Level 1:colcon.colcon_core.package_identification:_identify(handTracker) by extension 'python_setup_py'
[0.304s] Level 1:colcon.colcon_core.package_identification:_identify(handTracker/models) by extensions ['ignore', 'ignore_ament_install']
[0.304s] Level 1:colcon.colcon_core.package_identification:_identify(handTracker/models) by extension 'ignore'
[0.304s] Level 1:colcon.colcon_core.package_identification:_identify(handTracker/models) by extension 'ignore_ament_install'
[0.304s] Level 1:colcon.colcon_core.package_identification:_identify(handTracker/models) by extensions ['colcon_pkg']
[0.304s] Level 1:colcon.colcon_core.package_identification:_identify(handTracker/models) by extension 'colcon_pkg'
[0.304s] Level 1:colcon.colcon_core.package_identification:_identify(handTracker/models) by extensions ['colcon_meta']
[0.304s] Level 1:colcon.colcon_core.package_identification:_identify(handTracker/models) by extension 'colcon_meta'
[0.305s] Level 1:colcon.colcon_core.package_identification:_identify(handTracker/models) by extensions ['ros']
[0.305s] Level 1:colcon.colcon_core.package_identification:_identify(handTracker/models) by extension 'ros'
[0.305s] Level 1:colcon.colcon_core.package_identification:_identify(handTracker/models) by extensions ['cmake', 'python']
[0.305s] Level 1:colcon.colcon_core.package_identification:_identify(handTracker/models) by extension 'cmake'
[0.305s] Level 1:colcon.colcon_core.package_identification:_identify(handTracker/models) by extension 'python'
[0.305s] Level 1:colcon.colcon_core.package_identification:_identify(handTracker/models) by extensions ['python_setup_py']
[0.305s] Level 1:colcon.colcon_core.package_identification:_identify(handTracker/models) by extension 'python_setup_py'
[0.305s] Level 1:colcon.colcon_core.package_identification:_identify(handTracker/models/components) by extensions ['ignore', 'ignore_ament_install']
[0.305s] Level 1:colcon.colcon_core.package_identification:_identify(handTracker/models/components) by extension 'ignore'
[0.305s] Level 1:colcon.colcon_core.package_identification:_identify(handTracker/models/components) by extension 'ignore_ament_install'
[0.305s] Level 1:colcon.colcon_core.package_identification:_identify(handTracker/models/components) by extensions ['colcon_pkg']
[0.305s] Level 1:colcon.colcon_core.package_identification:_identify(handTracker/models/components) by extension 'colcon_pkg'
[0.305s] Level 1:colcon.colcon_core.package_identification:_identify(handTracker/models/components) by extensions ['colcon_meta']
[0.305s] Level 1:colcon.colcon_core.package_identification:_identify(handTracker/models/components) by extension 'colcon_meta'
[0.305s] Level 1:colcon.colcon_core.package_identification:_identify(handTracker/models/components) by extensions ['ros']
[0.306s] Level 1:colcon.colcon_core.package_identification:_identify(handTracker/models/components) by extension 'ros'
[0.306s] Level 1:colcon.colcon_core.package_identification:_identify(handTracker/models/components) by extensions ['cmake', 'python']
[0.306s] Level 1:colcon.colcon_core.package_identification:_identify(handTracker/models/components) by extension 'cmake'
[0.306s] Level 1:colcon.colcon_core.package_identification:_identify(handTracker/models/components) by extension 'python'
[0.306s] Level 1:colcon.colcon_core.package_identification:_identify(handTracker/models/components) by extensions ['python_setup_py']
[0.306s] Level 1:colcon.colcon_core.package_identification:_identify(handTracker/models/components) by extension 'python_setup_py'
[0.306s] Level 1:colcon.colcon_core.package_identification:_identify(handTracker/models/services) by extensions ['ignore', 'ignore_ament_install']
[0.306s] Level 1:colcon.colcon_core.package_identification:_identify(handTracker/models/services) by extension 'ignore'
[0.306s] Level 1:colcon.colcon_core.package_identification:_identify(handTracker/models/services) by extension 'ignore_ament_install'
[0.306s] Level 1:colcon.colcon_core.package_identification:_identify(handTracker/models/services) by extensions ['colcon_pkg']
[0.306s] Level 1:colcon.colcon_core.package_identification:_identify(handTracker/models/services) by extension 'colcon_pkg'
[0.306s] Level 1:colcon.colcon_core.package_identification:_identify(handTracker/models/services) by extensions ['colcon_meta']
[0.307s] Level 1:colcon.colcon_core.package_identification:_identify(handTracker/models/services) by extension 'colcon_meta'
[0.307s] Level 1:colcon.colcon_core.package_identification:_identify(handTracker/models/services) by extensions ['ros']
[0.307s] Level 1:colcon.colcon_core.package_identification:_identify(handTracker/models/services) by extension 'ros'
[0.307s] Level 1:colcon.colcon_core.package_identification:_identify(handTracker/models/services) by extensions ['cmake', 'python']
[0.307s] Level 1:colcon.colcon_core.package_identification:_identify(handTracker/models/services) by extension 'cmake'
[0.307s] Level 1:colcon.colcon_core.package_identification:_identify(handTracker/models/services) by extension 'python'
[0.307s] Level 1:colcon.colcon_core.package_identification:_identify(handTracker/models/services) by extensions ['python_setup_py']
[0.307s] Level 1:colcon.colcon_core.package_identification:_identify(handTracker/models/services) by extension 'python_setup_py'
[0.307s] Level 1:colcon.colcon_core.package_identification:_identify(handTracker/models/skills) by extensions ['ignore', 'ignore_ament_install']
[0.307s] Level 1:colcon.colcon_core.package_identification:_identify(handTracker/models/skills) by extension 'ignore'
[0.307s] Level 1:colcon.colcon_core.package_identification:_identify(handTracker/models/skills) by extension 'ignore_ament_install'
[0.307s] Level 1:colcon.colcon_core.package_identification:_identify(handTracker/models/skills) by extensions ['colcon_pkg']
[0.307s] Level 1:colcon.colcon_core.package_identification:_identify(handTracker/models/skills) by extension 'colcon_pkg'
[0.307s] Level 1:colcon.colcon_core.package_identification:_identify(handTracker/models/skills) by extensions ['colcon_meta']
[0.307s] Level 1:colcon.colcon_core.package_identification:_identify(handTracker/models/skills) by extension 'colcon_meta'
[0.307s] Level 1:colcon.colcon_core.package_identification:_identify(handTracker/models/skills) by extensions ['ros']
[0.308s] Level 1:colcon.colcon_core.package_identification:_identify(handTracker/models/skills) by extension 'ros'
[0.308s] Level 1:colcon.colcon_core.package_identification:_identify(handTracker/models/skills) by extensions ['cmake', 'python']
[0.308s] Level 1:colcon.colcon_core.package_identification:_identify(handTracker/models/skills) by extension 'cmake'
[0.308s] Level 1:colcon.colcon_core.package_identification:_identify(handTracker/models/skills) by extension 'python'
[0.308s] Level 1:colcon.colcon_core.package_identification:_identify(handTracker/models/skills) by extensions ['python_setup_py']
[0.308s] Level 1:colcon.colcon_core.package_identification:_identify(handTracker/models/skills) by extension 'python_setup_py'
[0.308s] Level 1:colcon.colcon_core.package_identification:_identify(handTracker/models/system) by extensions ['ignore', 'ignore_ament_install']
[0.308s] Level 1:colcon.colcon_core.package_identification:_identify(handTracker/models/system) by extension 'ignore'
[0.308s] Level 1:colcon.colcon_core.package_identification:_identify(handTracker/models/system) by extension 'ignore_ament_install'
[0.308s] Level 1:colcon.colcon_core.package_identification:_identify(handTracker/models/system) by extensions ['colcon_pkg']
[0.308s] Level 1:colcon.colcon_core.package_identification:_identify(handTracker/models/system) by extension 'colcon_pkg'
[0.308s] Level 1:colcon.colcon_core.package_identification:_identify(handTracker/models/system) by extensions ['colcon_meta']
[0.308s] Level 1:colcon.colcon_core.package_identification:_identify(handTracker/models/system) by extension 'colcon_meta'
[0.308s] Level 1:colcon.colcon_core.package_identification:_identify(handTracker/models/system) by extensions ['ros']
[0.308s] Level 1:colcon.colcon_core.package_identification:_identify(handTracker/models/system) by extension 'ros'
[0.309s] Level 1:colcon.colcon_core.package_identification:_identify(handTracker/models/system) by extensions ['cmake', 'python']
[0.309s] Level 1:colcon.colcon_core.package_identification:_identify(handTracker/models/system) by extension 'cmake'
[0.309s] Level 1:colcon.colcon_core.package_identification:_identify(handTracker/models/system) by extension 'python'
[0.309s] Level 1:colcon.colcon_core.package_identification:_identify(handTracker/models/system) by extensions ['python_setup_py']
[0.309s] Level 1:colcon.colcon_core.package_identification:_identify(handTracker/models/system) by extension 'python_setup_py'
[0.309s] Level 1:colcon.colcon_core.package_identification:_identify(handTracker/models/taskbased-hara) by extensions ['ignore', 'ignore_ament_install']
[0.309s] Level 1:colcon.colcon_core.package_identification:_identify(handTracker/models/taskbased-hara) by extension 'ignore'
[0.309s] Level 1:colcon.colcon_core.package_identification:_identify(handTracker/models/taskbased-hara) by extension 'ignore_ament_install'
[0.309s] Level 1:colcon.colcon_core.package_identification:_identify(handTracker/models/taskbased-hara) by extensions ['colcon_pkg']
[0.309s] Level 1:colcon.colcon_core.package_identification:_identify(handTracker/models/taskbased-hara) by extension 'colcon_pkg'
[0.309s] Level 1:colcon.colcon_core.package_identification:_identify(handTracker/models/taskbased-hara) by extensions ['colcon_meta']
[0.309s] Level 1:colcon.colcon_core.package_identification:_identify(handTracker/models/taskbased-hara) by extension 'colcon_meta'
[0.309s] Level 1:colcon.colcon_core.package_identification:_identify(handTracker/models/taskbased-hara) by extensions ['ros']
[0.309s] Level 1:colcon.colcon_core.package_identification:_identify(handTracker/models/taskbased-hara) by extension 'ros'
[0.309s] Level 1:colcon.colcon_core.package_identification:_identify(handTracker/models/taskbased-hara) by extensions ['cmake', 'python']
[0.310s] Level 1:colcon.colcon_core.package_identification:_identify(handTracker/models/taskbased-hara) by extension 'cmake'
[0.310s] Level 1:colcon.colcon_core.package_identification:_identify(handTracker/models/taskbased-hara) by extension 'python'
[0.310s] Level 1:colcon.colcon_core.package_identification:_identify(handTracker/models/taskbased-hara) by extensions ['python_setup_py']
[0.310s] Level 1:colcon.colcon_core.package_identification:_identify(handTracker/models/taskbased-hara) by extension 'python_setup_py'
[0.310s] Level 1:colcon.colcon_core.package_identification:_identify(handTracker/models/tasks) by extensions ['ignore', 'ignore_ament_install']
[0.310s] Level 1:colcon.colcon_core.package_identification:_identify(handTracker/models/tasks) by extension 'ignore'
[0.310s] Level 1:colcon.colcon_core.package_identification:_identify(handTracker/models/tasks) by extension 'ignore_ament_install'
[0.310s] Level 1:colcon.colcon_core.package_identification:_identify(handTracker/models/tasks) by extensions ['colcon_pkg']
[0.310s] Level 1:colcon.colcon_core.package_identification:_identify(handTracker/models/tasks) by extension 'colcon_pkg'
[0.310s] Level 1:colcon.colcon_core.package_identification:_identify(handTracker/models/tasks) by extensions ['colcon_meta']
[0.310s] Level 1:colcon.colcon_core.package_identification:_identify(handTracker/models/tasks) by extension 'colcon_meta'
[0.310s] Level 1:colcon.colcon_core.package_identification:_identify(handTracker/models/tasks) by extensions ['ros']
[0.310s] Level 1:colcon.colcon_core.package_identification:_identify(handTracker/models/tasks) by extension 'ros'
[0.311s] Level 1:colcon.colcon_core.package_identification:_identify(handTracker/models/tasks) by extensions ['cmake', 'python']
[0.311s] Level 1:colcon.colcon_core.package_identification:_identify(handTracker/models/tasks) by extension 'cmake'
[0.311s] Level 1:colcon.colcon_core.package_identification:_identify(handTracker/models/tasks) by extension 'python'
[0.311s] Level 1:colcon.colcon_core.package_identification:_identify(handTracker/models/tasks) by extensions ['python_setup_py']
[0.311s] Level 1:colcon.colcon_core.package_identification:_identify(handTracker/models/tasks) by extension 'python_setup_py'
[0.311s] Level 1:colcon.colcon_core.package_identification:_identify(install) by extensions ['ignore', 'ignore_ament_install']
[0.311s] Level 1:colcon.colcon_core.package_identification:_identify(install) by extension 'ignore'
[0.311s] Level 1:colcon.colcon_core.package_identification:_identify(install) ignored
[0.312s] Level 1:colcon.colcon_core.package_identification:_identify(log) by extensions ['ignore', 'ignore_ament_install']
[0.312s] Level 1:colcon.colcon_core.package_identification:_identify(log) by extension 'ignore'
[0.312s] Level 1:colcon.colcon_core.package_identification:_identify(log) ignored
[0.312s] Level 1:colcon.colcon_core.package_identification:_identify(models) by extensions ['ignore', 'ignore_ament_install']
[0.312s] Level 1:colcon.colcon_core.package_identification:_identify(models) by extension 'ignore'
[0.312s] Level 1:colcon.colcon_core.package_identification:_identify(models) by extension 'ignore_ament_install'
[0.312s] Level 1:colcon.colcon_core.package_identification:_identify(models) by extensions ['colcon_pkg']
[0.312s] Level 1:colcon.colcon_core.package_identification:_identify(models) by extension 'colcon_pkg'
[0.312s] Level 1:colcon.colcon_core.package_identification:_identify(models) by extensions ['colcon_meta']
[0.312s] Level 1:colcon.colcon_core.package_identification:_identify(models) by extension 'colcon_meta'
[0.312s] Level 1:colcon.colcon_core.package_identification:_identify(models) by extensions ['ros']
[0.313s] Level 1:colcon.colcon_core.package_identification:_identify(models) by extension 'ros'
[0.313s] Level 1:colcon.colcon_core.package_identification:_identify(models) by extensions ['cmake', 'python']
[0.313s] Level 1:colcon.colcon_core.package_identification:_identify(models) by extension 'cmake'
[0.313s] Level 1:colcon.colcon_core.package_identification:_identify(models) by extension 'python'
[0.313s] Level 1:colcon.colcon_core.package_identification:_identify(models) by extensions ['python_setup_py']
[0.313s] Level 1:colcon.colcon_core.package_identification:_identify(models) by extension 'python_setup_py'
[0.313s] Level 1:colcon.colcon_core.package_identification:_identify(models/components) by extensions ['ignore', 'ignore_ament_install']
[0.313s] Level 1:colcon.colcon_core.package_identification:_identify(models/components) by extension 'ignore'
[0.313s] Level 1:colcon.colcon_core.package_identification:_identify(models/components) by extension 'ignore_ament_install'
[0.313s] Level 1:colcon.colcon_core.package_identification:_identify(models/components) by extensions ['colcon_pkg']
[0.313s] Level 1:colcon.colcon_core.package_identification:_identify(models/components) by extension 'colcon_pkg'
[0.313s] Level 1:colcon.colcon_core.package_identification:_identify(models/components) by extensions ['colcon_meta']
[0.313s] Level 1:colcon.colcon_core.package_identification:_identify(models/components) by extension 'colcon_meta'
[0.313s] Level 1:colcon.colcon_core.package_identification:_identify(models/components) by extensions ['ros']
[0.313s] Level 1:colcon.colcon_core.package_identification:_identify(models/components) by extension 'ros'
[0.314s] Level 1:colcon.colcon_core.package_identification:_identify(models/components) by extensions ['cmake', 'python']
[0.314s] Level 1:colcon.colcon_core.package_identification:_identify(models/components) by extension 'cmake'
[0.314s] Level 1:colcon.colcon_core.package_identification:_identify(models/components) by extension 'python'
[0.314s] Level 1:colcon.colcon_core.package_identification:_identify(models/components) by extensions ['python_setup_py']
[0.314s] Level 1:colcon.colcon_core.package_identification:_identify(models/components) by extension 'python_setup_py'
[0.314s] Level 1:colcon.colcon_core.package_identification:_identify(models/services) by extensions ['ignore', 'ignore_ament_install']
[0.314s] Level 1:colcon.colcon_core.package_identification:_identify(models/services) by extension 'ignore'
[0.314s] Level 1:colcon.colcon_core.package_identification:_identify(models/services) by extension 'ignore_ament_install'
[0.314s] Level 1:colcon.colcon_core.package_identification:_identify(models/services) by extensions ['colcon_pkg']
[0.314s] Level 1:colcon.colcon_core.package_identification:_identify(models/services) by extension 'colcon_pkg'
[0.314s] Level 1:colcon.colcon_core.package_identification:_identify(models/services) by extensions ['colcon_meta']
[0.314s] Level 1:colcon.colcon_core.package_identification:_identify(models/services) by extension 'colcon_meta'
[0.314s] Level 1:colcon.colcon_core.package_identification:_identify(models/services) by extensions ['ros']
[0.314s] Level 1:colcon.colcon_core.package_identification:_identify(models/services) by extension 'ros'
[0.315s] Level 1:colcon.colcon_core.package_identification:_identify(models/services) by extensions ['cmake', 'python']
[0.315s] Level 1:colcon.colcon_core.package_identification:_identify(models/services) by extension 'cmake'
[0.315s] Level 1:colcon.colcon_core.package_identification:_identify(models/services) by extension 'python'
[0.315s] Level 1:colcon.colcon_core.package_identification:_identify(models/services) by extensions ['python_setup_py']
[0.315s] Level 1:colcon.colcon_core.package_identification:_identify(models/services) by extension 'python_setup_py'
[0.315s] Level 1:colcon.colcon_core.package_identification:_identify(models/skills) by extensions ['ignore', 'ignore_ament_install']
[0.315s] Level 1:colcon.colcon_core.package_identification:_identify(models/skills) by extension 'ignore'
[0.315s] Level 1:colcon.colcon_core.package_identification:_identify(models/skills) by extension 'ignore_ament_install'
[0.315s] Level 1:colcon.colcon_core.package_identification:_identify(models/skills) by extensions ['colcon_pkg']
[0.315s] Level 1:colcon.colcon_core.package_identification:_identify(models/skills) by extension 'colcon_pkg'
[0.315s] Level 1:colcon.colcon_core.package_identification:_identify(models/skills) by extensions ['colcon_meta']
[0.315s] Level 1:colcon.colcon_core.package_identification:_identify(models/skills) by extension 'colcon_meta'
[0.315s] Level 1:colcon.colcon_core.package_identification:_identify(models/skills) by extensions ['ros']
[0.315s] Level 1:colcon.colcon_core.package_identification:_identify(models/skills) by extension 'ros'
[0.315s] Level 1:colcon.colcon_core.package_identification:_identify(models/skills) by extensions ['cmake', 'python']
[0.315s] Level 1:colcon.colcon_core.package_identification:_identify(models/skills) by extension 'cmake'
[0.316s] Level 1:colcon.colcon_core.package_identification:_identify(models/skills) by extension 'python'
[0.316s] Level 1:colcon.colcon_core.package_identification:_identify(models/skills) by extensions ['python_setup_py']
[0.316s] Level 1:colcon.colcon_core.package_identification:_identify(models/skills) by extension 'python_setup_py'
[0.316s] Level 1:colcon.colcon_core.package_identification:_identify(models/system) by extensions ['ignore', 'ignore_ament_install']
[0.316s] Level 1:colcon.colcon_core.package_identification:_identify(models/system) by extension 'ignore'
[0.316s] Level 1:colcon.colcon_core.package_identification:_identify(models/system) by extension 'ignore_ament_install'
[0.316s] Level 1:colcon.colcon_core.package_identification:_identify(models/system) by extensions ['colcon_pkg']
[0.316s] Level 1:colcon.colcon_core.package_identification:_identify(models/system) by extension 'colcon_pkg'
[0.316s] Level 1:colcon.colcon_core.package_identification:_identify(models/system) by extensions ['colcon_meta']
[0.316s] Level 1:colcon.colcon_core.package_identification:_identify(models/system) by extension 'colcon_meta'
[0.316s] Level 1:colcon.colcon_core.package_identification:_identify(models/system) by extensions ['ros']
[0.316s] Level 1:colcon.colcon_core.package_identification:_identify(models/system) by extension 'ros'
[0.316s] Level 1:colcon.colcon_core.package_identification:_identify(models/system) by extensions ['cmake', 'python']
[0.316s] Level 1:colcon.colcon_core.package_identification:_identify(models/system) by extension 'cmake'
[0.317s] Level 1:colcon.colcon_core.package_identification:_identify(models/system) by extension 'python'
[0.317s] Level 1:colcon.colcon_core.package_identification:_identify(models/system) by extensions ['python_setup_py']
[0.317s] Level 1:colcon.colcon_core.package_identification:_identify(models/system) by extension 'python_setup_py'
[0.317s] Level 1:colcon.colcon_core.package_identification:_identify(models/taskbased-hara) by extensions ['ignore', 'ignore_ament_install']
[0.317s] Level 1:colcon.colcon_core.package_identification:_identify(models/taskbased-hara) by extension 'ignore'
[0.317s] Level 1:colcon.colcon_core.package_identification:_identify(models/taskbased-hara) by extension 'ignore_ament_install'
[0.317s] Level 1:colcon.colcon_core.package_identification:_identify(models/taskbased-hara) by extensions ['colcon_pkg']
[0.317s] Level 1:colcon.colcon_core.package_identification:_identify(models/taskbased-hara) by extension 'colcon_pkg'
[0.317s] Level 1:colcon.colcon_core.package_identification:_identify(models/taskbased-hara) by extensions ['colcon_meta']
[0.317s] Level 1:colcon.colcon_core.package_identification:_identify(models/taskbased-hara) by extension 'colcon_meta'
[0.317s] Level 1:colcon.colcon_core.package_identification:_identify(models/taskbased-hara) by extensions ['ros']
[0.317s] Level 1:colcon.colcon_core.package_identification:_identify(models/taskbased-hara) by extension 'ros'
[0.317s] Level 1:colcon.colcon_core.package_identification:_identify(models/taskbased-hara) by extensions ['cmake', 'python']
[0.317s] Level 1:colcon.colcon_core.package_identification:_identify(models/taskbased-hara) by extension 'cmake'
[0.317s] Level 1:colcon.colcon_core.package_identification:_identify(models/taskbased-hara) by extension 'python'
[0.317s] Level 1:colcon.colcon_core.package_identification:_identify(models/taskbased-hara) by extensions ['python_setup_py']
[0.318s] Level 1:colcon.colcon_core.package_identification:_identify(models/taskbased-hara) by extension 'python_setup_py'
[0.318s] Level 1:colcon.colcon_core.package_identification:_identify(models/tasks) by extensions ['ignore', 'ignore_ament_install']
[0.318s] Level 1:colcon.colcon_core.package_identification:_identify(models/tasks) by extension 'ignore'
[0.318s] Level 1:colcon.colcon_core.package_identification:_identify(models/tasks) by extension 'ignore_ament_install'
[0.318s] Level 1:colcon.colcon_core.package_identification:_identify(models/tasks) by extensions ['colcon_pkg']
[0.318s] Level 1:colcon.colcon_core.package_identification:_identify(models/tasks) by extension 'colcon_pkg'
[0.318s] Level 1:colcon.colcon_core.package_identification:_identify(models/tasks) by extensions ['colcon_meta']
[0.318s] Level 1:colcon.colcon_core.package_identification:_identify(models/tasks) by extension 'colcon_meta'
[0.318s] Level 1:colcon.colcon_core.package_identification:_identify(models/tasks) by extensions ['ros']
[0.318s] Level 1:colcon.colcon_core.package_identification:_identify(models/tasks) by extension 'ros'
[0.318s] Level 1:colcon.colcon_core.package_identification:_identify(models/tasks) by extensions ['cmake', 'python']
[0.318s] Level 1:colcon.colcon_core.package_identification:_identify(models/tasks) by extension 'cmake'
[0.318s] Level 1:colcon.colcon_core.package_identification:_identify(models/tasks) by extension 'python'
[0.318s] Level 1:colcon.colcon_core.package_identification:_identify(models/tasks) by extensions ['python_setup_py']
[0.319s] Level 1:colcon.colcon_core.package_identification:_identify(models/tasks) by extension 'python_setup_py'
[0.319s] Level 1:colcon.colcon_core.package_discovery:discover_packages(recursive) using defaults
[0.319s] Level 1:colcon.colcon_core.package_discovery:discover_packages(ignore) discover
[0.319s] Level 1:colcon.colcon_core.package_discovery:discover_packages(ignore) using defaults
[0.319s] Level 1:colcon.colcon_core.package_discovery:discover_packages(path) discover
[0.319s] Level 1:colcon.colcon_core.package_discovery:discover_packages(path) using defaults
[0.323s] INFO:colcon.colcon_core.package_selection:Skipping package 'handgesturerecognition' in 'handGestureRecognition'
[0.328s] Level 5:colcon.colcon_core.verb:set package 'gesturedetector' build argument 'cmake_args' from command line to 'None'
[0.328s] Level 5:colcon.colcon_core.verb:set package 'gesturedetector' build argument 'cmake_target' from command line to 'None'
[0.328s] Level 5:colcon.colcon_core.verb:set package 'gesturedetector' build argument 'cmake_target_skip_unavailable' from command line to 'False'
[0.328s] Level 5:colcon.colcon_core.verb:set package 'gesturedetector' build argument 'cmake_clean_cache' from command line to 'False'
[0.328s] Level 5:colcon.colcon_core.verb:set package 'gesturedetector' build argument 'cmake_clean_first' from command line to 'False'
[0.328s] Level 5:colcon.colcon_core.verb:set package 'gesturedetector' build argument 'cmake_force_configure' from command line to 'False'
[0.328s] Level 5:colcon.colcon_core.verb:set package 'gesturedetector' build argument 'ament_cmake_args' from command line to 'None'
[0.328s] Level 5:colcon.colcon_core.verb:set package 'gesturedetector' build argument 'catkin_cmake_args' from command line to 'None'
[0.328s] Level 5:colcon.colcon_core.verb:set package 'gesturedetector' build argument 'catkin_skip_building_tests' from command line to 'False'
[0.328s] DEBUG:colcon.colcon_core.verb:Building package 'gesturedetector' with the following arguments: {'ament_cmake_args': None, 'build_base': '/home/katya/ros2_ws/handGestureRecognition/build/gesturedetector', 'catkin_cmake_args': None, 'catkin_skip_building_tests': False, 'cmake_args': None, 'cmake_clean_cache': False, 'cmake_clean_first': False, 'cmake_force_configure': False, 'cmake_target': None, 'cmake_target_skip_unavailable': False, 'install_base': '/home/katya/ros2_ws/handGestureRecognition/install/gesturedetector', 'merge_install': False, 'path': '/home/katya/ros2_ws/handGestureRecognition/gestureDetector', 'symlink_install': True, 'test_result_base': None}
[0.329s] INFO:colcon.colcon_core.executor:Executing jobs using 'parallel' executor
[0.331s] DEBUG:colcon.colcon_parallel_executor.executor.parallel:run_until_complete
[0.331s] INFO:colcon.colcon_ros.task.ament_cmake.build:Building ROS package in '/home/katya/ros2_ws/handGestureRecognition/gestureDetector' with build type 'ament_cmake'
[0.337s] INFO:colcon.colcon_core.plugin_system:Skipping extension 'colcon_core.shell.bat': Not used on non-Windows systems
[0.337s] INFO:colcon.colcon_cmake.task.cmake.build:Building CMake package in '/home/katya/ros2_ws/handGestureRecognition/gestureDetector'
[0.338s] INFO:colcon.colcon_core.shell:Skip shell extension 'powershell' for command environment: Not usable outside of PowerShell
[0.338s] DEBUG:colcon.colcon_core.shell:Skip shell extension 'dsv' for command environment
[0.341s] DEBUG:colcon.colcon_core.shell:Ignoring prefix path '/opt/ros/eloquent'
[0.348s] DEBUG:colcon.colcon_core.event_handler.log_command:Invoking command in '/home/katya/ros2_ws/handGestureRecognition/build/gesturedetector': CMAKE_PREFIX_PATH=/opt/ros/eloquent /usr/bin/cmake /home/katya/ros2_ws/handGestureRecognition/gestureDetector -DAMENT_CMAKE_SYMLINK_INSTALL=1 -DCMAKE_INSTALL_PREFIX=/home/katya/ros2_ws/handGestureRecognition/install/gesturedetector
[3.659s] DEBUG:colcon.colcon_core.event_handler.log_command:Invoked command in '/home/katya/ros2_ws/handGestureRecognition/build/gesturedetector' returned '1': CMAKE_PREFIX_PATH=/opt/ros/eloquent /usr/bin/cmake /home/katya/ros2_ws/handGestureRecognition/gestureDetector -DAMENT_CMAKE_SYMLINK_INSTALL=1 -DCMAKE_INSTALL_PREFIX=/home/katya/ros2_ws/handGestureRecognition/install/gesturedetector
[3.670s] DEBUG:colcon.colcon_parallel_executor.executor.parallel:closing loop
[3.670s] DEBUG:colcon.colcon_parallel_executor.executor.parallel:loop closed
[3.670s] DEBUG:colcon.colcon_parallel_executor.executor.parallel:run_until_complete finished with '1'
[3.670s] DEBUG:colcon.colcon_core.event_reactor:joining thread
[3.678s] INFO:colcon.colcon_core.plugin_system:Skipping extension 'colcon_notification.desktop_notification.terminal_notifier': Not used on non-Darwin systems
[3.678s] INFO:colcon.colcon_core.plugin_system:Skipping extension 'colcon_notification.desktop_notification.win32': Not used on non-Windows systems
[3.678s] INFO:colcon.colcon_notification.desktop_notification:Sending desktop notification using 'notify2'
[3.690s] DEBUG:colcon.colcon_core.event_reactor:joined thread
[3.695s] INFO:colcon.colcon_core.shell:Creating prefix script '/home/katya/ros2_ws/handGestureRecognition/install/local_setup.ps1'
[3.704s] INFO:colcon.colcon_core.shell:Creating prefix util module '/home/katya/ros2_ws/handGestureRecognition/install/_local_setup_util_ps1.py'
[3.710s] INFO:colcon.colcon_core.shell:Creating prefix chain script '/home/katya/ros2_ws/handGestureRecognition/install/setup.ps1'
[3.721s] INFO:colcon.colcon_core.shell:Creating prefix script '/home/katya/ros2_ws/handGestureRecognition/install/local_setup.sh'
[3.723s] INFO:colcon.colcon_core.shell:Creating prefix util module '/home/katya/ros2_ws/handGestureRecognition/install/_local_setup_util_sh.py'
[3.724s] INFO:colcon.colcon_core.shell:Creating prefix chain script '/home/katya/ros2_ws/handGestureRecognition/install/setup.sh'
[3.732s] INFO:colcon.colcon_core.shell:Creating prefix script '/home/katya/ros2_ws/handGestureRecognition/install/local_setup.bash'
[3.734s] INFO:colcon.colcon_core.shell:Creating prefix chain script '/home/katya/ros2_ws/handGestureRecognition/install/setup.bash'
[3.745s] INFO:colcon.colcon_core.shell:Creating prefix script '/home/katya/ros2_ws/handGestureRecognition/install/local_setup.zsh'
[3.746s] INFO:colcon.colcon_core.shell:Creating prefix chain script '/home/katya/ros2_ws/handGestureRecognition/install/setup.zsh'
