Determining if the pthread_create exist failed with the following output:
Change Dir: /home/katya/ros2_ws/handGestureRecognition/build/gesturedetector/CMakeFiles/CMakeTmp

Run Build Command:"/usr/bin/make" "cmTC_f3cac/fast"
/usr/bin/make -f CMakeFiles/cmTC_f3cac.dir/build.make CMakeFiles/cmTC_f3cac.dir/build
make[1]: Entering directory '/home/katya/ros2_ws/handGestureRecognition/build/gesturedetector/CMakeFiles/CMakeTmp'
Building C object CMakeFiles/cmTC_f3cac.dir/CheckSymbolExists.c.o
/usr/bin/cc    -o CMakeFiles/cmTC_f3cac.dir/CheckSymbolExists.c.o   -c /home/katya/ros2_ws/handGestureRecognition/build/gesturedetector/CMakeFiles/CMakeTmp/CheckSymbolExists.c
Linking C executable cmTC_f3cac
/usr/bin/cmake -E cmake_link_script CMakeFiles/cmTC_f3cac.dir/link.txt --verbose=1
/usr/bin/cc      CMakeFiles/cmTC_f3cac.dir/CheckSymbolExists.c.o  -o cmTC_f3cac 
CMakeFiles/cmTC_f3cac.dir/CheckSymbolExists.c.o: In function `main':
CheckSymbolExists.c:(.text+0x1b): undefined reference to `pthread_create'
collect2: error: ld returned 1 exit status
CMakeFiles/cmTC_f3cac.dir/build.make:97: recipe for target 'cmTC_f3cac' failed
make[1]: *** [cmTC_f3cac] Error 1
make[1]: Leaving directory '/home/katya/ros2_ws/handGestureRecognition/build/gesturedetector/CMakeFiles/CMakeTmp'
Makefile:126: recipe for target 'cmTC_f3cac/fast' failed
make: *** [cmTC_f3cac/fast] Error 2

File /home/katya/ros2_ws/handGestureRecognition/build/gesturedetector/CMakeFiles/CMakeTmp/CheckSymbolExists.c:
/* */
#include <pthread.h>

int main(int argc, char** argv)
{
  (void)argv;
#ifndef pthread_create
  return ((int*)(&pthread_create))[argc];
#else
  (void)argc;
  return 0;
#endif
}

Determining if the function pthread_create exists in the pthreads failed with the following output:
Change Dir: /home/katya/ros2_ws/handGestureRecognition/build/gesturedetector/CMakeFiles/CMakeTmp

Run Build Command:"/usr/bin/make" "cmTC_6cf21/fast"
/usr/bin/make -f CMakeFiles/cmTC_6cf21.dir/build.make CMakeFiles/cmTC_6cf21.dir/build
make[1]: Entering directory '/home/katya/ros2_ws/handGestureRecognition/build/gesturedetector/CMakeFiles/CMakeTmp'
Building C object CMakeFiles/cmTC_6cf21.dir/CheckFunctionExists.c.o
/usr/bin/cc   -DCHECK_FUNCTION_EXISTS=pthread_create   -o CMakeFiles/cmTC_6cf21.dir/CheckFunctionExists.c.o   -c /usr/share/cmake-3.10/Modules/CheckFunctionExists.c
Linking C executable cmTC_6cf21
/usr/bin/cmake -E cmake_link_script CMakeFiles/cmTC_6cf21.dir/link.txt --verbose=1
/usr/bin/cc  -DCHECK_FUNCTION_EXISTS=pthread_create    CMakeFiles/cmTC_6cf21.dir/CheckFunctionExists.c.o  -o cmTC_6cf21 -lpthreads 
/usr/bin/ld: cannot find -lpthreads
collect2: error: ld returned 1 exit status
CMakeFiles/cmTC_6cf21.dir/build.make:97: recipe for target 'cmTC_6cf21' failed
make[1]: *** [cmTC_6cf21] Error 1
make[1]: Leaving directory '/home/katya/ros2_ws/handGestureRecognition/build/gesturedetector/CMakeFiles/CMakeTmp'
Makefile:126: recipe for target 'cmTC_6cf21/fast' failed
make: *** [cmTC_6cf21/fast] Error 2


