[0.024s] Invoking command in '/home/katya/ros2_ws/handGestureRecognition/build/handgesturerecognition': CMAKE_PREFIX_PATH=/opt/ros/eloquent /usr/bin/cmake --build /home/katya/ros2_ws/handGestureRecognition/build/handgesturerecognition -- -j4 -l4
[0.151s] Invoked command in '/home/katya/ros2_ws/handGestureRecognition/build/handgesturerecognition' returned '0': CMAKE_PREFIX_PATH=/opt/ros/eloquent /usr/bin/cmake --build /home/katya/ros2_ws/handGestureRecognition/build/handgesturerecognition -- -j4 -l4
[0.232s] Invoking command in '/home/katya/ros2_ws/handGestureRecognition/build/handgesturerecognition': CMAKE_PREFIX_PATH=/opt/ros/eloquent /usr/bin/cmake --build /home/katya/ros2_ws/handGestureRecognition/build/handgesturerecognition --target install -- -j4 -l4
[0.284s] Install the project...
[0.294s] -- Install configuration: ""
[0.295s] -- Execute custom install script
[0.296s] -- Symlinking: /home/katya/ros2_ws/handGestureRecognition/install/handgesturerecognition/share/handgesturerecognition//launch/__pycache__/launch.cpython-36.pyc
[0.305s] -- Up-to-date symlink: /home/katya/ros2_ws/handGestureRecognition/install/handgesturerecognition/share/handgesturerecognition//launch/activate.ComponentInstance4.py
[0.306s] -- Up-to-date symlink: /home/katya/ros2_ws/handGestureRecognition/install/handgesturerecognition/share/handgesturerecognition//launch/activate.ComponentInstance5.py
[0.307s] -- Up-to-date symlink: /home/katya/ros2_ws/handGestureRecognition/install/handgesturerecognition/share/handgesturerecognition//launch/activate.py
[0.307s] -- Up-to-date symlink: /home/katya/ros2_ws/handGestureRecognition/install/handgesturerecognition/share/handgesturerecognition//launch/cfg/param.yaml
[0.308s] -- Up-to-date symlink: /home/katya/ros2_ws/handGestureRecognition/install/handgesturerecognition/share/handgesturerecognition//launch/launch.ComponentInstance4.py
[0.308s] -- Up-to-date symlink: /home/katya/ros2_ws/handGestureRecognition/install/handgesturerecognition/share/handgesturerecognition//launch/launch.ComponentInstance5.py
[0.309s] -- Up-to-date symlink: /home/katya/ros2_ws/handGestureRecognition/install/handgesturerecognition/share/handgesturerecognition//launch/launch.py
[0.310s] -- Up-to-date symlink: /home/katya/ros2_ws/handGestureRecognition/install/handgesturerecognition/share/ament_index/resource_index/package_run_dependencies/handgesturerecognition
[0.311s] -- Up-to-date symlink: /home/katya/ros2_ws/handGestureRecognition/install/handgesturerecognition/share/ament_index/resource_index/parent_prefix_path/handgesturerecognition
[0.313s] -- Up-to-date symlink: /home/katya/ros2_ws/handGestureRecognition/install/handgesturerecognition/share/handgesturerecognition/environment/ament_prefix_path.sh
[0.313s] -- Up-to-date symlink: /home/katya/ros2_ws/handGestureRecognition/install/handgesturerecognition/share/handgesturerecognition/environment/ament_prefix_path.dsv
[0.314s] -- Up-to-date symlink: /home/katya/ros2_ws/handGestureRecognition/install/handgesturerecognition/share/handgesturerecognition/environment/path.sh
[0.315s] -- Up-to-date symlink: /home/katya/ros2_ws/handGestureRecognition/install/handgesturerecognition/share/handgesturerecognition/environment/path.dsv
[0.316s] -- Up-to-date symlink: /home/katya/ros2_ws/handGestureRecognition/install/handgesturerecognition/share/handgesturerecognition/local_setup.bash
[0.317s] -- Up-to-date symlink: /home/katya/ros2_ws/handGestureRecognition/install/handgesturerecognition/share/handgesturerecognition/local_setup.sh
[0.318s] -- Up-to-date symlink: /home/katya/ros2_ws/handGestureRecognition/install/handgesturerecognition/share/handgesturerecognition/local_setup.zsh
[0.319s] -- Up-to-date symlink: /home/katya/ros2_ws/handGestureRecognition/install/handgesturerecognition/share/handgesturerecognition/local_setup.dsv
[0.320s] -- Symlinking: /home/katya/ros2_ws/handGestureRecognition/install/handgesturerecognition/share/handgesturerecognition/package.dsv
[0.329s] -- Up-to-date symlink: /home/katya/ros2_ws/handGestureRecognition/install/handgesturerecognition/share/ament_index/resource_index/packages/handgesturerecognition
[0.330s] -- Up-to-date symlink: /home/katya/ros2_ws/handGestureRecognition/install/handgesturerecognition/share/handgesturerecognition/cmake/handgesturerecognitionConfig.cmake
[0.331s] -- Up-to-date symlink: /home/katya/ros2_ws/handGestureRecognition/install/handgesturerecognition/share/handgesturerecognition/cmake/handgesturerecognitionConfig-version.cmake
[0.332s] -- Up-to-date symlink: /home/katya/ros2_ws/handGestureRecognition/install/handgesturerecognition/share/handgesturerecognition/package.xml
[0.335s] Invoked command in '/home/katya/ros2_ws/handGestureRecognition/build/handgesturerecognition' returned '0': CMAKE_PREFIX_PATH=/opt/ros/eloquent /usr/bin/cmake --build /home/katya/ros2_ws/handGestureRecognition/build/handgesturerecognition --target install -- -j4 -l4
