[0.246s] DEBUG:colcon:Command line arguments: ['/usr/bin/colcon', 'build', '--symlink-install', '--packages-up-to', 'handgesturerecognition']
[0.246s] DEBUG:colcon:Parsed command line arguments: Namespace(ament_cmake_args=None, base_paths=['.'], build_base='build', catkin_cmake_args=None, catkin_skip_building_tests=False, cmake_args=None, cmake_clean_cache=False, cmake_clean_first=False, cmake_force_configure=False, cmake_target=None, cmake_target_skip_unavailable=False, continue_on_error=False, event_handlers=None, executor='parallel', ignore_user_meta=False, install_base='install', log_base=None, log_level=None, main=<bound method BuildVerb.main of <colcon_core.verb.build.BuildVerb object at 0x7f597962ea90>>, merge_install=False, metas=['./colcon.meta'], packages_above=None, packages_above_depth=None, packages_end=None, packages_ignore=None, packages_ignore_regex=None, packages_select=None, packages_select_build_failed=False, packages_select_by_dep=None, packages_select_regex=None, packages_select_test_failures=False, packages_skip=None, packages_skip_build_finished=False, packages_skip_by_dep=None, packages_skip_regex=None, packages_skip_test_passed=False, packages_skip_up_to=None, packages_start=None, packages_up_to=['handgesturerecognition'], parallel_workers=4, paths=None, symlink_install=True, test_result_base=None, verb_extension=<colcon_core.verb.build.BuildVerb object at 0x7f597962ea90>, verb_name='build', verb_parser=<colcon_defaults.argument_parser.defaults.DefaultArgumentsDecorator object at 0x7f597962edd8>)
[0.302s] Level 1:colcon.colcon_core.package_discovery:discover_packages(colcon_meta) check parameters
[0.302s] Level 1:colcon.colcon_core.package_discovery:discover_packages(recursive) check parameters
[0.303s] Level 1:colcon.colcon_core.package_discovery:discover_packages(ignore) check parameters
[0.303s] Level 1:colcon.colcon_core.package_discovery:discover_packages(path) check parameters
[0.303s] Level 1:colcon.colcon_core.package_discovery:discover_packages(colcon_meta) discover
[0.303s] Level 1:colcon.colcon_core.package_discovery:discover_packages(recursive) discover
[0.303s] INFO:colcon.colcon_core.package_discovery:Crawling recursively for packages in '/home/katya/ros2_ws/handGestureRecognition'
[0.303s] Level 1:colcon.colcon_core.package_identification:_identify(.) by extensions ['ignore', 'ignore_ament_install']
[0.303s] Level 1:colcon.colcon_core.package_identification:_identify(.) by extension 'ignore'
[0.303s] Level 1:colcon.colcon_core.package_identification:_identify(.) by extension 'ignore_ament_install'
[0.303s] Level 1:colcon.colcon_core.package_identification:_identify(.) by extensions ['colcon_pkg']
[0.304s] Level 1:colcon.colcon_core.package_identification:_identify(.) by extension 'colcon_pkg'
[0.304s] Level 1:colcon.colcon_core.package_identification:_identify(.) by extensions ['colcon_meta']
[0.304s] Level 1:colcon.colcon_core.package_identification:_identify(.) by extension 'colcon_meta'
[0.304s] Level 1:colcon.colcon_core.package_identification:_identify(.) by extensions ['ros']
[0.304s] Level 1:colcon.colcon_core.package_identification:_identify(.) by extension 'ros'
[0.320s] Level 1:colcon.colcon_core.package_identification:_identify(.) by extensions ['cmake', 'python']
[0.320s] Level 1:colcon.colcon_core.package_identification:_identify(.) by extension 'cmake'
[0.320s] Level 1:colcon.colcon_core.package_identification:_identify(.) by extension 'python'
[0.320s] Level 1:colcon.colcon_core.package_identification:_identify(.) by extensions ['python_setup_py']
[0.320s] Level 1:colcon.colcon_core.package_identification:_identify(.) by extension 'python_setup_py'
[0.320s] Level 1:colcon.colcon_core.package_identification:_identify(build) by extensions ['ignore', 'ignore_ament_install']
[0.321s] Level 1:colcon.colcon_core.package_identification:_identify(build) by extension 'ignore'
[0.321s] Level 1:colcon.colcon_core.package_identification:_identify(build) ignored
[0.321s] Level 1:colcon.colcon_core.package_identification:_identify(data2RViz) by extensions ['ignore', 'ignore_ament_install']
[0.321s] Level 1:colcon.colcon_core.package_identification:_identify(data2RViz) by extension 'ignore'
[0.321s] Level 1:colcon.colcon_core.package_identification:_identify(data2RViz) by extension 'ignore_ament_install'
[0.321s] Level 1:colcon.colcon_core.package_identification:_identify(data2RViz) by extensions ['colcon_pkg']
[0.322s] Level 1:colcon.colcon_core.package_identification:_identify(data2RViz) by extension 'colcon_pkg'
[0.322s] Level 1:colcon.colcon_core.package_identification:_identify(data2RViz) by extensions ['colcon_meta']
[0.322s] Level 1:colcon.colcon_core.package_identification:_identify(data2RViz) by extension 'colcon_meta'
[0.322s] Level 1:colcon.colcon_core.package_identification:_identify(data2RViz) by extensions ['ros']
[0.322s] Level 1:colcon.colcon_core.package_identification:_identify(data2RViz) by extension 'ros'
[0.322s] Level 1:colcon.colcon_core.package_identification:_identify(data2RViz) by extensions ['cmake', 'python']
[0.322s] Level 1:colcon.colcon_core.package_identification:_identify(data2RViz) by extension 'cmake'
[0.322s] Level 1:colcon.colcon_core.package_identification:_identify(data2RViz) by extension 'python'
[0.322s] Level 1:colcon.colcon_core.package_identification:_identify(data2RViz) by extensions ['python_setup_py']
[0.322s] Level 1:colcon.colcon_core.package_identification:_identify(data2RViz) by extension 'python_setup_py'
[0.322s] Level 1:colcon.colcon_core.package_identification:_identify(data2RViz/models) by extensions ['ignore', 'ignore_ament_install']
[0.322s] Level 1:colcon.colcon_core.package_identification:_identify(data2RViz/models) by extension 'ignore'
[0.322s] Level 1:colcon.colcon_core.package_identification:_identify(data2RViz/models) by extension 'ignore_ament_install'
[0.323s] Level 1:colcon.colcon_core.package_identification:_identify(data2RViz/models) by extensions ['colcon_pkg']
[0.323s] Level 1:colcon.colcon_core.package_identification:_identify(data2RViz/models) by extension 'colcon_pkg'
[0.323s] Level 1:colcon.colcon_core.package_identification:_identify(data2RViz/models) by extensions ['colcon_meta']
[0.323s] Level 1:colcon.colcon_core.package_identification:_identify(data2RViz/models) by extension 'colcon_meta'
[0.323s] Level 1:colcon.colcon_core.package_identification:_identify(data2RViz/models) by extensions ['ros']
[0.323s] Level 1:colcon.colcon_core.package_identification:_identify(data2RViz/models) by extension 'ros'
[0.323s] Level 1:colcon.colcon_core.package_identification:_identify(data2RViz/models) by extensions ['cmake', 'python']
[0.323s] Level 1:colcon.colcon_core.package_identification:_identify(data2RViz/models) by extension 'cmake'
[0.323s] Level 1:colcon.colcon_core.package_identification:_identify(data2RViz/models) by extension 'python'
[0.323s] Level 1:colcon.colcon_core.package_identification:_identify(data2RViz/models) by extensions ['python_setup_py']
[0.323s] Level 1:colcon.colcon_core.package_identification:_identify(data2RViz/models) by extension 'python_setup_py'
[0.323s] Level 1:colcon.colcon_core.package_identification:_identify(data2RViz/models/components) by extensions ['ignore', 'ignore_ament_install']
[0.323s] Level 1:colcon.colcon_core.package_identification:_identify(data2RViz/models/components) by extension 'ignore'
[0.323s] Level 1:colcon.colcon_core.package_identification:_identify(data2RViz/models/components) by extension 'ignore_ament_install'
[0.324s] Level 1:colcon.colcon_core.package_identification:_identify(data2RViz/models/components) by extensions ['colcon_pkg']
[0.324s] Level 1:colcon.colcon_core.package_identification:_identify(data2RViz/models/components) by extension 'colcon_pkg'
[0.324s] Level 1:colcon.colcon_core.package_identification:_identify(data2RViz/models/components) by extensions ['colcon_meta']
[0.324s] Level 1:colcon.colcon_core.package_identification:_identify(data2RViz/models/components) by extension 'colcon_meta'
[0.324s] Level 1:colcon.colcon_core.package_identification:_identify(data2RViz/models/components) by extensions ['ros']
[0.324s] Level 1:colcon.colcon_core.package_identification:_identify(data2RViz/models/components) by extension 'ros'
[0.324s] Level 1:colcon.colcon_core.package_identification:_identify(data2RViz/models/components) by extensions ['cmake', 'python']
[0.324s] Level 1:colcon.colcon_core.package_identification:_identify(data2RViz/models/components) by extension 'cmake'
[0.324s] Level 1:colcon.colcon_core.package_identification:_identify(data2RViz/models/components) by extension 'python'
[0.324s] Level 1:colcon.colcon_core.package_identification:_identify(data2RViz/models/components) by extensions ['python_setup_py']
[0.324s] Level 1:colcon.colcon_core.package_identification:_identify(data2RViz/models/components) by extension 'python_setup_py'
[0.324s] Level 1:colcon.colcon_core.package_identification:_identify(data2RViz/models/services) by extensions ['ignore', 'ignore_ament_install']
[0.324s] Level 1:colcon.colcon_core.package_identification:_identify(data2RViz/models/services) by extension 'ignore'
[0.325s] Level 1:colcon.colcon_core.package_identification:_identify(data2RViz/models/services) by extension 'ignore_ament_install'
[0.325s] Level 1:colcon.colcon_core.package_identification:_identify(data2RViz/models/services) by extensions ['colcon_pkg']
[0.325s] Level 1:colcon.colcon_core.package_identification:_identify(data2RViz/models/services) by extension 'colcon_pkg'
[0.325s] Level 1:colcon.colcon_core.package_identification:_identify(data2RViz/models/services) by extensions ['colcon_meta']
[0.325s] Level 1:colcon.colcon_core.package_identification:_identify(data2RViz/models/services) by extension 'colcon_meta'
[0.325s] Level 1:colcon.colcon_core.package_identification:_identify(data2RViz/models/services) by extensions ['ros']
[0.325s] Level 1:colcon.colcon_core.package_identification:_identify(data2RViz/models/services) by extension 'ros'
[0.325s] Level 1:colcon.colcon_core.package_identification:_identify(data2RViz/models/services) by extensions ['cmake', 'python']
[0.325s] Level 1:colcon.colcon_core.package_identification:_identify(data2RViz/models/services) by extension 'cmake'
[0.325s] Level 1:colcon.colcon_core.package_identification:_identify(data2RViz/models/services) by extension 'python'
[0.325s] Level 1:colcon.colcon_core.package_identification:_identify(data2RViz/models/services) by extensions ['python_setup_py']
[0.325s] Level 1:colcon.colcon_core.package_identification:_identify(data2RViz/models/services) by extension 'python_setup_py'
[0.325s] Level 1:colcon.colcon_core.package_identification:_identify(data2RViz/models/skills) by extensions ['ignore', 'ignore_ament_install']
[0.325s] Level 1:colcon.colcon_core.package_identification:_identify(data2RViz/models/skills) by extension 'ignore'
[0.326s] Level 1:colcon.colcon_core.package_identification:_identify(data2RViz/models/skills) by extension 'ignore_ament_install'
[0.326s] Level 1:colcon.colcon_core.package_identification:_identify(data2RViz/models/skills) by extensions ['colcon_pkg']
[0.326s] Level 1:colcon.colcon_core.package_identification:_identify(data2RViz/models/skills) by extension 'colcon_pkg'
[0.326s] Level 1:colcon.colcon_core.package_identification:_identify(data2RViz/models/skills) by extensions ['colcon_meta']
[0.326s] Level 1:colcon.colcon_core.package_identification:_identify(data2RViz/models/skills) by extension 'colcon_meta'
[0.326s] Level 1:colcon.colcon_core.package_identification:_identify(data2RViz/models/skills) by extensions ['ros']
[0.326s] Level 1:colcon.colcon_core.package_identification:_identify(data2RViz/models/skills) by extension 'ros'
[0.326s] Level 1:colcon.colcon_core.package_identification:_identify(data2RViz/models/skills) by extensions ['cmake', 'python']
[0.326s] Level 1:colcon.colcon_core.package_identification:_identify(data2RViz/models/skills) by extension 'cmake'
[0.326s] Level 1:colcon.colcon_core.package_identification:_identify(data2RViz/models/skills) by extension 'python'
[0.326s] Level 1:colcon.colcon_core.package_identification:_identify(data2RViz/models/skills) by extensions ['python_setup_py']
[0.326s] Level 1:colcon.colcon_core.package_identification:_identify(data2RViz/models/skills) by extension 'python_setup_py'
[0.326s] Level 1:colcon.colcon_core.package_identification:_identify(data2RViz/models/system) by extensions ['ignore', 'ignore_ament_install']
[0.327s] Level 1:colcon.colcon_core.package_identification:_identify(data2RViz/models/system) by extension 'ignore'
[0.327s] Level 1:colcon.colcon_core.package_identification:_identify(data2RViz/models/system) by extension 'ignore_ament_install'
[0.327s] Level 1:colcon.colcon_core.package_identification:_identify(data2RViz/models/system) by extensions ['colcon_pkg']
[0.327s] Level 1:colcon.colcon_core.package_identification:_identify(data2RViz/models/system) by extension 'colcon_pkg'
[0.327s] Level 1:colcon.colcon_core.package_identification:_identify(data2RViz/models/system) by extensions ['colcon_meta']
[0.327s] Level 1:colcon.colcon_core.package_identification:_identify(data2RViz/models/system) by extension 'colcon_meta'
[0.327s] Level 1:colcon.colcon_core.package_identification:_identify(data2RViz/models/system) by extensions ['ros']
[0.327s] Level 1:colcon.colcon_core.package_identification:_identify(data2RViz/models/system) by extension 'ros'
[0.327s] Level 1:colcon.colcon_core.package_identification:_identify(data2RViz/models/system) by extensions ['cmake', 'python']
[0.327s] Level 1:colcon.colcon_core.package_identification:_identify(data2RViz/models/system) by extension 'cmake'
[0.327s] Level 1:colcon.colcon_core.package_identification:_identify(data2RViz/models/system) by extension 'python'
[0.327s] Level 1:colcon.colcon_core.package_identification:_identify(data2RViz/models/system) by extensions ['python_setup_py']
[0.328s] Level 1:colcon.colcon_core.package_identification:_identify(data2RViz/models/system) by extension 'python_setup_py'
[0.328s] Level 1:colcon.colcon_core.package_identification:_identify(data2RViz/models/taskbased-hara) by extensions ['ignore', 'ignore_ament_install']
[0.328s] Level 1:colcon.colcon_core.package_identification:_identify(data2RViz/models/taskbased-hara) by extension 'ignore'
[0.328s] Level 1:colcon.colcon_core.package_identification:_identify(data2RViz/models/taskbased-hara) by extension 'ignore_ament_install'
[0.328s] Level 1:colcon.colcon_core.package_identification:_identify(data2RViz/models/taskbased-hara) by extensions ['colcon_pkg']
[0.328s] Level 1:colcon.colcon_core.package_identification:_identify(data2RViz/models/taskbased-hara) by extension 'colcon_pkg'
[0.328s] Level 1:colcon.colcon_core.package_identification:_identify(data2RViz/models/taskbased-hara) by extensions ['colcon_meta']
[0.328s] Level 1:colcon.colcon_core.package_identification:_identify(data2RViz/models/taskbased-hara) by extension 'colcon_meta'
[0.328s] Level 1:colcon.colcon_core.package_identification:_identify(data2RViz/models/taskbased-hara) by extensions ['ros']
[0.328s] Level 1:colcon.colcon_core.package_identification:_identify(data2RViz/models/taskbased-hara) by extension 'ros'
[0.328s] Level 1:colcon.colcon_core.package_identification:_identify(data2RViz/models/taskbased-hara) by extensions ['cmake', 'python']
[0.328s] Level 1:colcon.colcon_core.package_identification:_identify(data2RViz/models/taskbased-hara) by extension 'cmake'
[0.328s] Level 1:colcon.colcon_core.package_identification:_identify(data2RViz/models/taskbased-hara) by extension 'python'
[0.328s] Level 1:colcon.colcon_core.package_identification:_identify(data2RViz/models/taskbased-hara) by extensions ['python_setup_py']
[0.328s] Level 1:colcon.colcon_core.package_identification:_identify(data2RViz/models/taskbased-hara) by extension 'python_setup_py'
[0.329s] Level 1:colcon.colcon_core.package_identification:_identify(data2RViz/models/tasks) by extensions ['ignore', 'ignore_ament_install']
[0.329s] Level 1:colcon.colcon_core.package_identification:_identify(data2RViz/models/tasks) by extension 'ignore'
[0.329s] Level 1:colcon.colcon_core.package_identification:_identify(data2RViz/models/tasks) by extension 'ignore_ament_install'
[0.329s] Level 1:colcon.colcon_core.package_identification:_identify(data2RViz/models/tasks) by extensions ['colcon_pkg']
[0.329s] Level 1:colcon.colcon_core.package_identification:_identify(data2RViz/models/tasks) by extension 'colcon_pkg'
[0.329s] Level 1:colcon.colcon_core.package_identification:_identify(data2RViz/models/tasks) by extensions ['colcon_meta']
[0.329s] Level 1:colcon.colcon_core.package_identification:_identify(data2RViz/models/tasks) by extension 'colcon_meta'
[0.329s] Level 1:colcon.colcon_core.package_identification:_identify(data2RViz/models/tasks) by extensions ['ros']
[0.329s] Level 1:colcon.colcon_core.package_identification:_identify(data2RViz/models/tasks) by extension 'ros'
[0.329s] Level 1:colcon.colcon_core.package_identification:_identify(data2RViz/models/tasks) by extensions ['cmake', 'python']
[0.329s] Level 1:colcon.colcon_core.package_identification:_identify(data2RViz/models/tasks) by extension 'cmake'
[0.329s] Level 1:colcon.colcon_core.package_identification:_identify(data2RViz/models/tasks) by extension 'python'
[0.329s] Level 1:colcon.colcon_core.package_identification:_identify(data2RViz/models/tasks) by extensions ['python_setup_py']
[0.329s] Level 1:colcon.colcon_core.package_identification:_identify(data2RViz/models/tasks) by extension 'python_setup_py'
[0.330s] Level 1:colcon.colcon_core.package_identification:_identify(gestureDetector) by extensions ['ignore', 'ignore_ament_install']
[0.330s] Level 1:colcon.colcon_core.package_identification:_identify(gestureDetector) by extension 'ignore'
[0.330s] Level 1:colcon.colcon_core.package_identification:_identify(gestureDetector) by extension 'ignore_ament_install'
[0.330s] Level 1:colcon.colcon_core.package_identification:_identify(gestureDetector) by extensions ['colcon_pkg']
[0.330s] Level 1:colcon.colcon_core.package_identification:_identify(gestureDetector) by extension 'colcon_pkg'
[0.330s] Level 1:colcon.colcon_core.package_identification:_identify(gestureDetector) by extensions ['colcon_meta']
[0.330s] Level 1:colcon.colcon_core.package_identification:_identify(gestureDetector) by extension 'colcon_meta'
[0.330s] Level 1:colcon.colcon_core.package_identification:_identify(gestureDetector) by extensions ['ros']
[0.330s] Level 1:colcon.colcon_core.package_identification:_identify(gestureDetector) by extension 'ros'
[0.334s] DEBUG:colcon.colcon_core.package_identification:Package 'gestureDetector' with type 'ros.ament_cmake' and name 'gesturedetector'
[0.334s] Level 1:colcon.colcon_core.package_identification:_identify(handGestureRecognition) by extensions ['ignore', 'ignore_ament_install']
[0.334s] Level 1:colcon.colcon_core.package_identification:_identify(handGestureRecognition) by extension 'ignore'
[0.334s] Level 1:colcon.colcon_core.package_identification:_identify(handGestureRecognition) by extension 'ignore_ament_install'
[0.334s] Level 1:colcon.colcon_core.package_identification:_identify(handGestureRecognition) by extensions ['colcon_pkg']
[0.334s] Level 1:colcon.colcon_core.package_identification:_identify(handGestureRecognition) by extension 'colcon_pkg'
[0.334s] Level 1:colcon.colcon_core.package_identification:_identify(handGestureRecognition) by extensions ['colcon_meta']
[0.335s] Level 1:colcon.colcon_core.package_identification:_identify(handGestureRecognition) by extension 'colcon_meta'
[0.335s] Level 1:colcon.colcon_core.package_identification:_identify(handGestureRecognition) by extensions ['ros']
[0.335s] Level 1:colcon.colcon_core.package_identification:_identify(handGestureRecognition) by extension 'ros'
[0.335s] DEBUG:colcon.colcon_core.package_identification:Package 'handGestureRecognition' with type 'ros.ament_cmake' and name 'handgesturerecognition'
[0.335s] Level 1:colcon.colcon_core.package_identification:_identify(handTracker) by extensions ['ignore', 'ignore_ament_install']
[0.336s] Level 1:colcon.colcon_core.package_identification:_identify(handTracker) by extension 'ignore'
[0.336s] Level 1:colcon.colcon_core.package_identification:_identify(handTracker) by extension 'ignore_ament_install'
[0.336s] Level 1:colcon.colcon_core.package_identification:_identify(handTracker) by extensions ['colcon_pkg']
[0.336s] Level 1:colcon.colcon_core.package_identification:_identify(handTracker) by extension 'colcon_pkg'
[0.336s] Level 1:colcon.colcon_core.package_identification:_identify(handTracker) by extensions ['colcon_meta']
[0.336s] Level 1:colcon.colcon_core.package_identification:_identify(handTracker) by extension 'colcon_meta'
[0.336s] Level 1:colcon.colcon_core.package_identification:_identify(handTracker) by extensions ['ros']
[0.336s] Level 1:colcon.colcon_core.package_identification:_identify(handTracker) by extension 'ros'
[0.336s] Level 1:colcon.colcon_core.package_identification:_identify(handTracker) by extensions ['cmake', 'python']
[0.336s] Level 1:colcon.colcon_core.package_identification:_identify(handTracker) by extension 'cmake'
[0.336s] Level 1:colcon.colcon_core.package_identification:_identify(handTracker) by extension 'python'
[0.336s] Level 1:colcon.colcon_core.package_identification:_identify(handTracker) by extensions ['python_setup_py']
[0.336s] Level 1:colcon.colcon_core.package_identification:_identify(handTracker) by extension 'python_setup_py'
[0.337s] Level 1:colcon.colcon_core.package_identification:_identify(handTracker/models) by extensions ['ignore', 'ignore_ament_install']
[0.337s] Level 1:colcon.colcon_core.package_identification:_identify(handTracker/models) by extension 'ignore'
[0.337s] Level 1:colcon.colcon_core.package_identification:_identify(handTracker/models) by extension 'ignore_ament_install'
[0.337s] Level 1:colcon.colcon_core.package_identification:_identify(handTracker/models) by extensions ['colcon_pkg']
[0.337s] Level 1:colcon.colcon_core.package_identification:_identify(handTracker/models) by extension 'colcon_pkg'
[0.337s] Level 1:colcon.colcon_core.package_identification:_identify(handTracker/models) by extensions ['colcon_meta']
[0.337s] Level 1:colcon.colcon_core.package_identification:_identify(handTracker/models) by extension 'colcon_meta'
[0.337s] Level 1:colcon.colcon_core.package_identification:_identify(handTracker/models) by extensions ['ros']
[0.337s] Level 1:colcon.colcon_core.package_identification:_identify(handTracker/models) by extension 'ros'
[0.337s] Level 1:colcon.colcon_core.package_identification:_identify(handTracker/models) by extensions ['cmake', 'python']
[0.337s] Level 1:colcon.colcon_core.package_identification:_identify(handTracker/models) by extension 'cmake'
[0.337s] Level 1:colcon.colcon_core.package_identification:_identify(handTracker/models) by extension 'python'
[0.337s] Level 1:colcon.colcon_core.package_identification:_identify(handTracker/models) by extensions ['python_setup_py']
[0.337s] Level 1:colcon.colcon_core.package_identification:_identify(handTracker/models) by extension 'python_setup_py'
[0.338s] Level 1:colcon.colcon_core.package_identification:_identify(handTracker/models/components) by extensions ['ignore', 'ignore_ament_install']
[0.338s] Level 1:colcon.colcon_core.package_identification:_identify(handTracker/models/components) by extension 'ignore'
[0.338s] Level 1:colcon.colcon_core.package_identification:_identify(handTracker/models/components) by extension 'ignore_ament_install'
[0.338s] Level 1:colcon.colcon_core.package_identification:_identify(handTracker/models/components) by extensions ['colcon_pkg']
[0.338s] Level 1:colcon.colcon_core.package_identification:_identify(handTracker/models/components) by extension 'colcon_pkg'
[0.338s] Level 1:colcon.colcon_core.package_identification:_identify(handTracker/models/components) by extensions ['colcon_meta']
[0.338s] Level 1:colcon.colcon_core.package_identification:_identify(handTracker/models/components) by extension 'colcon_meta'
[0.338s] Level 1:colcon.colcon_core.package_identification:_identify(handTracker/models/components) by extensions ['ros']
[0.338s] Level 1:colcon.colcon_core.package_identification:_identify(handTracker/models/components) by extension 'ros'
[0.338s] Level 1:colcon.colcon_core.package_identification:_identify(handTracker/models/components) by extensions ['cmake', 'python']
[0.338s] Level 1:colcon.colcon_core.package_identification:_identify(handTracker/models/components) by extension 'cmake'
[0.338s] Level 1:colcon.colcon_core.package_identification:_identify(handTracker/models/components) by extension 'python'
[0.338s] Level 1:colcon.colcon_core.package_identification:_identify(handTracker/models/components) by extensions ['python_setup_py']
[0.338s] Level 1:colcon.colcon_core.package_identification:_identify(handTracker/models/components) by extension 'python_setup_py'
[0.339s] Level 1:colcon.colcon_core.package_identification:_identify(handTracker/models/services) by extensions ['ignore', 'ignore_ament_install']
[0.339s] Level 1:colcon.colcon_core.package_identification:_identify(handTracker/models/services) by extension 'ignore'
[0.339s] Level 1:colcon.colcon_core.package_identification:_identify(handTracker/models/services) by extension 'ignore_ament_install'
[0.339s] Level 1:colcon.colcon_core.package_identification:_identify(handTracker/models/services) by extensions ['colcon_pkg']
[0.339s] Level 1:colcon.colcon_core.package_identification:_identify(handTracker/models/services) by extension 'colcon_pkg'
[0.339s] Level 1:colcon.colcon_core.package_identification:_identify(handTracker/models/services) by extensions ['colcon_meta']
[0.339s] Level 1:colcon.colcon_core.package_identification:_identify(handTracker/models/services) by extension 'colcon_meta'
[0.339s] Level 1:colcon.colcon_core.package_identification:_identify(handTracker/models/services) by extensions ['ros']
[0.339s] Level 1:colcon.colcon_core.package_identification:_identify(handTracker/models/services) by extension 'ros'
[0.339s] Level 1:colcon.colcon_core.package_identification:_identify(handTracker/models/services) by extensions ['cmake', 'python']
[0.339s] Level 1:colcon.colcon_core.package_identification:_identify(handTracker/models/services) by extension 'cmake'
[0.339s] Level 1:colcon.colcon_core.package_identification:_identify(handTracker/models/services) by extension 'python'
[0.339s] Level 1:colcon.colcon_core.package_identification:_identify(handTracker/models/services) by extensions ['python_setup_py']
[0.340s] Level 1:colcon.colcon_core.package_identification:_identify(handTracker/models/services) by extension 'python_setup_py'
[0.340s] Level 1:colcon.colcon_core.package_identification:_identify(handTracker/models/skills) by extensions ['ignore', 'ignore_ament_install']
[0.340s] Level 1:colcon.colcon_core.package_identification:_identify(handTracker/models/skills) by extension 'ignore'
[0.340s] Level 1:colcon.colcon_core.package_identification:_identify(handTracker/models/skills) by extension 'ignore_ament_install'
[0.340s] Level 1:colcon.colcon_core.package_identification:_identify(handTracker/models/skills) by extensions ['colcon_pkg']
[0.340s] Level 1:colcon.colcon_core.package_identification:_identify(handTracker/models/skills) by extension 'colcon_pkg'
[0.340s] Level 1:colcon.colcon_core.package_identification:_identify(handTracker/models/skills) by extensions ['colcon_meta']
[0.340s] Level 1:colcon.colcon_core.package_identification:_identify(handTracker/models/skills) by extension 'colcon_meta'
[0.340s] Level 1:colcon.colcon_core.package_identification:_identify(handTracker/models/skills) by extensions ['ros']
[0.340s] Level 1:colcon.colcon_core.package_identification:_identify(handTracker/models/skills) by extension 'ros'
[0.340s] Level 1:colcon.colcon_core.package_identification:_identify(handTracker/models/skills) by extensions ['cmake', 'python']
[0.340s] Level 1:colcon.colcon_core.package_identification:_identify(handTracker/models/skills) by extension 'cmake'
[0.340s] Level 1:colcon.colcon_core.package_identification:_identify(handTracker/models/skills) by extension 'python'
[0.341s] Level 1:colcon.colcon_core.package_identification:_identify(handTracker/models/skills) by extensions ['python_setup_py']
[0.341s] Level 1:colcon.colcon_core.package_identification:_identify(handTracker/models/skills) by extension 'python_setup_py'
[0.341s] Level 1:colcon.colcon_core.package_identification:_identify(handTracker/models/system) by extensions ['ignore', 'ignore_ament_install']
[0.341s] Level 1:colcon.colcon_core.package_identification:_identify(handTracker/models/system) by extension 'ignore'
[0.341s] Level 1:colcon.colcon_core.package_identification:_identify(handTracker/models/system) by extension 'ignore_ament_install'
[0.341s] Level 1:colcon.colcon_core.package_identification:_identify(handTracker/models/system) by extensions ['colcon_pkg']
[0.341s] Level 1:colcon.colcon_core.package_identification:_identify(handTracker/models/system) by extension 'colcon_pkg'
[0.341s] Level 1:colcon.colcon_core.package_identification:_identify(handTracker/models/system) by extensions ['colcon_meta']
[0.341s] Level 1:colcon.colcon_core.package_identification:_identify(handTracker/models/system) by extension 'colcon_meta'
[0.341s] Level 1:colcon.colcon_core.package_identification:_identify(handTracker/models/system) by extensions ['ros']
[0.341s] Level 1:colcon.colcon_core.package_identification:_identify(handTracker/models/system) by extension 'ros'
[0.341s] Level 1:colcon.colcon_core.package_identification:_identify(handTracker/models/system) by extensions ['cmake', 'python']
[0.341s] Level 1:colcon.colcon_core.package_identification:_identify(handTracker/models/system) by extension 'cmake'
[0.342s] Level 1:colcon.colcon_core.package_identification:_identify(handTracker/models/system) by extension 'python'
[0.342s] Level 1:colcon.colcon_core.package_identification:_identify(handTracker/models/system) by extensions ['python_setup_py']
[0.342s] Level 1:colcon.colcon_core.package_identification:_identify(handTracker/models/system) by extension 'python_setup_py'
[0.342s] Level 1:colcon.colcon_core.package_identification:_identify(handTracker/models/taskbased-hara) by extensions ['ignore', 'ignore_ament_install']
[0.342s] Level 1:colcon.colcon_core.package_identification:_identify(handTracker/models/taskbased-hara) by extension 'ignore'
[0.342s] Level 1:colcon.colcon_core.package_identification:_identify(handTracker/models/taskbased-hara) by extension 'ignore_ament_install'
[0.342s] Level 1:colcon.colcon_core.package_identification:_identify(handTracker/models/taskbased-hara) by extensions ['colcon_pkg']
[0.342s] Level 1:colcon.colcon_core.package_identification:_identify(handTracker/models/taskbased-hara) by extension 'colcon_pkg'
[0.342s] Level 1:colcon.colcon_core.package_identification:_identify(handTracker/models/taskbased-hara) by extensions ['colcon_meta']
[0.342s] Level 1:colcon.colcon_core.package_identification:_identify(handTracker/models/taskbased-hara) by extension 'colcon_meta'
[0.342s] Level 1:colcon.colcon_core.package_identification:_identify(handTracker/models/taskbased-hara) by extensions ['ros']
[0.342s] Level 1:colcon.colcon_core.package_identification:_identify(handTracker/models/taskbased-hara) by extension 'ros'
[0.342s] Level 1:colcon.colcon_core.package_identification:_identify(handTracker/models/taskbased-hara) by extensions ['cmake', 'python']
[0.342s] Level 1:colcon.colcon_core.package_identification:_identify(handTracker/models/taskbased-hara) by extension 'cmake'
[0.343s] Level 1:colcon.colcon_core.package_identification:_identify(handTracker/models/taskbased-hara) by extension 'python'
[0.343s] Level 1:colcon.colcon_core.package_identification:_identify(handTracker/models/taskbased-hara) by extensions ['python_setup_py']
[0.343s] Level 1:colcon.colcon_core.package_identification:_identify(handTracker/models/taskbased-hara) by extension 'python_setup_py'
[0.343s] Level 1:colcon.colcon_core.package_identification:_identify(handTracker/models/tasks) by extensions ['ignore', 'ignore_ament_install']
[0.343s] Level 1:colcon.colcon_core.package_identification:_identify(handTracker/models/tasks) by extension 'ignore'
[0.343s] Level 1:colcon.colcon_core.package_identification:_identify(handTracker/models/tasks) by extension 'ignore_ament_install'
[0.343s] Level 1:colcon.colcon_core.package_identification:_identify(handTracker/models/tasks) by extensions ['colcon_pkg']
[0.343s] Level 1:colcon.colcon_core.package_identification:_identify(handTracker/models/tasks) by extension 'colcon_pkg'
[0.343s] Level 1:colcon.colcon_core.package_identification:_identify(handTracker/models/tasks) by extensions ['colcon_meta']
[0.343s] Level 1:colcon.colcon_core.package_identification:_identify(handTracker/models/tasks) by extension 'colcon_meta'
[0.343s] Level 1:colcon.colcon_core.package_identification:_identify(handTracker/models/tasks) by extensions ['ros']
[0.343s] Level 1:colcon.colcon_core.package_identification:_identify(handTracker/models/tasks) by extension 'ros'
[0.343s] Level 1:colcon.colcon_core.package_identification:_identify(handTracker/models/tasks) by extensions ['cmake', 'python']
[0.343s] Level 1:colcon.colcon_core.package_identification:_identify(handTracker/models/tasks) by extension 'cmake'
[0.344s] Level 1:colcon.colcon_core.package_identification:_identify(handTracker/models/tasks) by extension 'python'
[0.344s] Level 1:colcon.colcon_core.package_identification:_identify(handTracker/models/tasks) by extensions ['python_setup_py']
[0.344s] Level 1:colcon.colcon_core.package_identification:_identify(handTracker/models/tasks) by extension 'python_setup_py'
[0.344s] Level 1:colcon.colcon_core.package_identification:_identify(install) by extensions ['ignore', 'ignore_ament_install']
[0.344s] Level 1:colcon.colcon_core.package_identification:_identify(install) by extension 'ignore'
[0.344s] Level 1:colcon.colcon_core.package_identification:_identify(install) ignored
[0.344s] Level 1:colcon.colcon_core.package_identification:_identify(log) by extensions ['ignore', 'ignore_ament_install']
[0.344s] Level 1:colcon.colcon_core.package_identification:_identify(log) by extension 'ignore'
[0.344s] Level 1:colcon.colcon_core.package_identification:_identify(log) ignored
[0.344s] Level 1:colcon.colcon_core.package_identification:_identify(models) by extensions ['ignore', 'ignore_ament_install']
[0.345s] Level 1:colcon.colcon_core.package_identification:_identify(models) by extension 'ignore'
[0.345s] Level 1:colcon.colcon_core.package_identification:_identify(models) by extension 'ignore_ament_install'
[0.345s] Level 1:colcon.colcon_core.package_identification:_identify(models) by extensions ['colcon_pkg']
[0.345s] Level 1:colcon.colcon_core.package_identification:_identify(models) by extension 'colcon_pkg'
[0.345s] Level 1:colcon.colcon_core.package_identification:_identify(models) by extensions ['colcon_meta']
[0.345s] Level 1:colcon.colcon_core.package_identification:_identify(models) by extension 'colcon_meta'
[0.345s] Level 1:colcon.colcon_core.package_identification:_identify(models) by extensions ['ros']
[0.345s] Level 1:colcon.colcon_core.package_identification:_identify(models) by extension 'ros'
[0.345s] Level 1:colcon.colcon_core.package_identification:_identify(models) by extensions ['cmake', 'python']
[0.345s] Level 1:colcon.colcon_core.package_identification:_identify(models) by extension 'cmake'
[0.345s] Level 1:colcon.colcon_core.package_identification:_identify(models) by extension 'python'
[0.345s] Level 1:colcon.colcon_core.package_identification:_identify(models) by extensions ['python_setup_py']
[0.345s] Level 1:colcon.colcon_core.package_identification:_identify(models) by extension 'python_setup_py'
[0.345s] Level 1:colcon.colcon_core.package_identification:_identify(models/components) by extensions ['ignore', 'ignore_ament_install']
[0.346s] Level 1:colcon.colcon_core.package_identification:_identify(models/components) by extension 'ignore'
[0.346s] Level 1:colcon.colcon_core.package_identification:_identify(models/components) by extension 'ignore_ament_install'
[0.346s] Level 1:colcon.colcon_core.package_identification:_identify(models/components) by extensions ['colcon_pkg']
[0.346s] Level 1:colcon.colcon_core.package_identification:_identify(models/components) by extension 'colcon_pkg'
[0.346s] Level 1:colcon.colcon_core.package_identification:_identify(models/components) by extensions ['colcon_meta']
[0.346s] Level 1:colcon.colcon_core.package_identification:_identify(models/components) by extension 'colcon_meta'
[0.346s] Level 1:colcon.colcon_core.package_identification:_identify(models/components) by extensions ['ros']
[0.346s] Level 1:colcon.colcon_core.package_identification:_identify(models/components) by extension 'ros'
[0.346s] Level 1:colcon.colcon_core.package_identification:_identify(models/components) by extensions ['cmake', 'python']
[0.346s] Level 1:colcon.colcon_core.package_identification:_identify(models/components) by extension 'cmake'
[0.346s] Level 1:colcon.colcon_core.package_identification:_identify(models/components) by extension 'python'
[0.346s] Level 1:colcon.colcon_core.package_identification:_identify(models/components) by extensions ['python_setup_py']
[0.346s] Level 1:colcon.colcon_core.package_identification:_identify(models/components) by extension 'python_setup_py'
[0.346s] Level 1:colcon.colcon_core.package_identification:_identify(models/services) by extensions ['ignore', 'ignore_ament_install']
[0.347s] Level 1:colcon.colcon_core.package_identification:_identify(models/services) by extension 'ignore'
[0.347s] Level 1:colcon.colcon_core.package_identification:_identify(models/services) by extension 'ignore_ament_install'
[0.347s] Level 1:colcon.colcon_core.package_identification:_identify(models/services) by extensions ['colcon_pkg']
[0.347s] Level 1:colcon.colcon_core.package_identification:_identify(models/services) by extension 'colcon_pkg'
[0.347s] Level 1:colcon.colcon_core.package_identification:_identify(models/services) by extensions ['colcon_meta']
[0.347s] Level 1:colcon.colcon_core.package_identification:_identify(models/services) by extension 'colcon_meta'
[0.347s] Level 1:colcon.colcon_core.package_identification:_identify(models/services) by extensions ['ros']
[0.347s] Level 1:colcon.colcon_core.package_identification:_identify(models/services) by extension 'ros'
[0.347s] Level 1:colcon.colcon_core.package_identification:_identify(models/services) by extensions ['cmake', 'python']
[0.347s] Level 1:colcon.colcon_core.package_identification:_identify(models/services) by extension 'cmake'
[0.347s] Level 1:colcon.colcon_core.package_identification:_identify(models/services) by extension 'python'
[0.347s] Level 1:colcon.colcon_core.package_identification:_identify(models/services) by extensions ['python_setup_py']
[0.347s] Level 1:colcon.colcon_core.package_identification:_identify(models/services) by extension 'python_setup_py'
[0.348s] Level 1:colcon.colcon_core.package_identification:_identify(models/skills) by extensions ['ignore', 'ignore_ament_install']
[0.348s] Level 1:colcon.colcon_core.package_identification:_identify(models/skills) by extension 'ignore'
[0.348s] Level 1:colcon.colcon_core.package_identification:_identify(models/skills) by extension 'ignore_ament_install'
[0.348s] Level 1:colcon.colcon_core.package_identification:_identify(models/skills) by extensions ['colcon_pkg']
[0.348s] Level 1:colcon.colcon_core.package_identification:_identify(models/skills) by extension 'colcon_pkg'
[0.348s] Level 1:colcon.colcon_core.package_identification:_identify(models/skills) by extensions ['colcon_meta']
[0.348s] Level 1:colcon.colcon_core.package_identification:_identify(models/skills) by extension 'colcon_meta'
[0.348s] Level 1:colcon.colcon_core.package_identification:_identify(models/skills) by extensions ['ros']
[0.348s] Level 1:colcon.colcon_core.package_identification:_identify(models/skills) by extension 'ros'
[0.348s] Level 1:colcon.colcon_core.package_identification:_identify(models/skills) by extensions ['cmake', 'python']
[0.348s] Level 1:colcon.colcon_core.package_identification:_identify(models/skills) by extension 'cmake'
[0.348s] Level 1:colcon.colcon_core.package_identification:_identify(models/skills) by extension 'python'
[0.348s] Level 1:colcon.colcon_core.package_identification:_identify(models/skills) by extensions ['python_setup_py']
[0.348s] Level 1:colcon.colcon_core.package_identification:_identify(models/skills) by extension 'python_setup_py'
[0.349s] Level 1:colcon.colcon_core.package_identification:_identify(models/system) by extensions ['ignore', 'ignore_ament_install']
[0.349s] Level 1:colcon.colcon_core.package_identification:_identify(models/system) by extension 'ignore'
[0.349s] Level 1:colcon.colcon_core.package_identification:_identify(models/system) by extension 'ignore_ament_install'
[0.349s] Level 1:colcon.colcon_core.package_identification:_identify(models/system) by extensions ['colcon_pkg']
[0.349s] Level 1:colcon.colcon_core.package_identification:_identify(models/system) by extension 'colcon_pkg'
[0.349s] Level 1:colcon.colcon_core.package_identification:_identify(models/system) by extensions ['colcon_meta']
[0.349s] Level 1:colcon.colcon_core.package_identification:_identify(models/system) by extension 'colcon_meta'
[0.349s] Level 1:colcon.colcon_core.package_identification:_identify(models/system) by extensions ['ros']
[0.349s] Level 1:colcon.colcon_core.package_identification:_identify(models/system) by extension 'ros'
[0.349s] Level 1:colcon.colcon_core.package_identification:_identify(models/system) by extensions ['cmake', 'python']
[0.349s] Level 1:colcon.colcon_core.package_identification:_identify(models/system) by extension 'cmake'
[0.349s] Level 1:colcon.colcon_core.package_identification:_identify(models/system) by extension 'python'
[0.349s] Level 1:colcon.colcon_core.package_identification:_identify(models/system) by extensions ['python_setup_py']
[0.349s] Level 1:colcon.colcon_core.package_identification:_identify(models/system) by extension 'python_setup_py'
[0.350s] Level 1:colcon.colcon_core.package_identification:_identify(models/taskbased-hara) by extensions ['ignore', 'ignore_ament_install']
[0.350s] Level 1:colcon.colcon_core.package_identification:_identify(models/taskbased-hara) by extension 'ignore'
[0.350s] Level 1:colcon.colcon_core.package_identification:_identify(models/taskbased-hara) by extension 'ignore_ament_install'
[0.350s] Level 1:colcon.colcon_core.package_identification:_identify(models/taskbased-hara) by extensions ['colcon_pkg']
[0.350s] Level 1:colcon.colcon_core.package_identification:_identify(models/taskbased-hara) by extension 'colcon_pkg'
[0.350s] Level 1:colcon.colcon_core.package_identification:_identify(models/taskbased-hara) by extensions ['colcon_meta']
[0.350s] Level 1:colcon.colcon_core.package_identification:_identify(models/taskbased-hara) by extension 'colcon_meta'
[0.350s] Level 1:colcon.colcon_core.package_identification:_identify(models/taskbased-hara) by extensions ['ros']
[0.350s] Level 1:colcon.colcon_core.package_identification:_identify(models/taskbased-hara) by extension 'ros'
[0.350s] Level 1:colcon.colcon_core.package_identification:_identify(models/taskbased-hara) by extensions ['cmake', 'python']
[0.350s] Level 1:colcon.colcon_core.package_identification:_identify(models/taskbased-hara) by extension 'cmake'
[0.350s] Level 1:colcon.colcon_core.package_identification:_identify(models/taskbased-hara) by extension 'python'
[0.350s] Level 1:colcon.colcon_core.package_identification:_identify(models/taskbased-hara) by extensions ['python_setup_py']
[0.350s] Level 1:colcon.colcon_core.package_identification:_identify(models/taskbased-hara) by extension 'python_setup_py'
[0.351s] Level 1:colcon.colcon_core.package_identification:_identify(models/tasks) by extensions ['ignore', 'ignore_ament_install']
[0.351s] Level 1:colcon.colcon_core.package_identification:_identify(models/tasks) by extension 'ignore'
[0.351s] Level 1:colcon.colcon_core.package_identification:_identify(models/tasks) by extension 'ignore_ament_install'
[0.351s] Level 1:colcon.colcon_core.package_identification:_identify(models/tasks) by extensions ['colcon_pkg']
[0.351s] Level 1:colcon.colcon_core.package_identification:_identify(models/tasks) by extension 'colcon_pkg'
[0.351s] Level 1:colcon.colcon_core.package_identification:_identify(models/tasks) by extensions ['colcon_meta']
[0.351s] Level 1:colcon.colcon_core.package_identification:_identify(models/tasks) by extension 'colcon_meta'
[0.351s] Level 1:colcon.colcon_core.package_identification:_identify(models/tasks) by extensions ['ros']
[0.351s] Level 1:colcon.colcon_core.package_identification:_identify(models/tasks) by extension 'ros'
[0.351s] Level 1:colcon.colcon_core.package_identification:_identify(models/tasks) by extensions ['cmake', 'python']
[0.351s] Level 1:colcon.colcon_core.package_identification:_identify(models/tasks) by extension 'cmake'
[0.351s] Level 1:colcon.colcon_core.package_identification:_identify(models/tasks) by extension 'python'
[0.351s] Level 1:colcon.colcon_core.package_identification:_identify(models/tasks) by extensions ['python_setup_py']
[0.352s] Level 1:colcon.colcon_core.package_identification:_identify(models/tasks) by extension 'python_setup_py'
[0.352s] Level 1:colcon.colcon_core.package_discovery:discover_packages(recursive) using defaults
[0.352s] Level 1:colcon.colcon_core.package_discovery:discover_packages(ignore) discover
[0.352s] Level 1:colcon.colcon_core.package_discovery:discover_packages(ignore) using defaults
[0.352s] Level 1:colcon.colcon_core.package_discovery:discover_packages(path) discover
[0.352s] Level 1:colcon.colcon_core.package_discovery:discover_packages(path) using defaults
[0.356s] INFO:colcon.colcon_core.package_selection:Skipping package 'gesturedetector' in 'gestureDetector'
[0.361s] Level 5:colcon.colcon_core.verb:set package 'handgesturerecognition' build argument 'cmake_args' from command line to 'None'
[0.361s] Level 5:colcon.colcon_core.verb:set package 'handgesturerecognition' build argument 'cmake_target' from command line to 'None'
[0.361s] Level 5:colcon.colcon_core.verb:set package 'handgesturerecognition' build argument 'cmake_target_skip_unavailable' from command line to 'False'
[0.361s] Level 5:colcon.colcon_core.verb:set package 'handgesturerecognition' build argument 'cmake_clean_cache' from command line to 'False'
[0.361s] Level 5:colcon.colcon_core.verb:set package 'handgesturerecognition' build argument 'cmake_clean_first' from command line to 'False'
[0.361s] Level 5:colcon.colcon_core.verb:set package 'handgesturerecognition' build argument 'cmake_force_configure' from command line to 'False'
[0.361s] Level 5:colcon.colcon_core.verb:set package 'handgesturerecognition' build argument 'ament_cmake_args' from command line to 'None'
[0.362s] Level 5:colcon.colcon_core.verb:set package 'handgesturerecognition' build argument 'catkin_cmake_args' from command line to 'None'
[0.362s] Level 5:colcon.colcon_core.verb:set package 'handgesturerecognition' build argument 'catkin_skip_building_tests' from command line to 'False'
[0.362s] DEBUG:colcon.colcon_core.verb:Building package 'handgesturerecognition' with the following arguments: {'ament_cmake_args': None, 'build_base': '/home/katya/ros2_ws/handGestureRecognition/build/handgesturerecognition', 'catkin_cmake_args': None, 'catkin_skip_building_tests': False, 'cmake_args': None, 'cmake_clean_cache': False, 'cmake_clean_first': False, 'cmake_force_configure': False, 'cmake_target': None, 'cmake_target_skip_unavailable': False, 'install_base': '/home/katya/ros2_ws/handGestureRecognition/install/handgesturerecognition', 'merge_install': False, 'path': '/home/katya/ros2_ws/handGestureRecognition/handGestureRecognition', 'symlink_install': True, 'test_result_base': None}
[0.362s] INFO:colcon.colcon_core.executor:Executing jobs using 'parallel' executor
[0.365s] DEBUG:colcon.colcon_parallel_executor.executor.parallel:run_until_complete
[0.365s] INFO:colcon.colcon_ros.task.ament_cmake.build:Building ROS package in '/home/katya/ros2_ws/handGestureRecognition/handGestureRecognition' with build type 'ament_cmake'
[0.371s] INFO:colcon.colcon_core.plugin_system:Skipping extension 'colcon_core.shell.bat': Not used on non-Windows systems
[0.371s] INFO:colcon.colcon_cmake.task.cmake.build:Building CMake package in '/home/katya/ros2_ws/handGestureRecognition/handGestureRecognition'
[0.372s] INFO:colcon.colcon_core.shell:Skip shell extension 'powershell' for command environment: Not usable outside of PowerShell
[0.372s] DEBUG:colcon.colcon_core.shell:Skip shell extension 'dsv' for command environment
[0.375s] DEBUG:colcon.colcon_core.shell:Ignoring prefix path '/opt/ros/eloquent'
[0.387s] DEBUG:colcon.colcon_core.event_handler.log_command:Invoking command in '/home/katya/ros2_ws/handGestureRecognition/build/handgesturerecognition': CMAKE_PREFIX_PATH=/opt/ros/eloquent /usr/bin/cmake --build /home/katya/ros2_ws/handGestureRecognition/build/handgesturerecognition -- -j4 -l4
[0.430s] DEBUG:colcon.colcon_core.event_handler.log_command:Invoked command in '/home/katya/ros2_ws/handGestureRecognition/build/handgesturerecognition' returned '0': CMAKE_PREFIX_PATH=/opt/ros/eloquent /usr/bin/cmake --build /home/katya/ros2_ws/handGestureRecognition/build/handgesturerecognition -- -j4 -l4
[0.465s] DEBUG:colcon.colcon_core.event_handler.log_command:Invoking command in '/home/katya/ros2_ws/handGestureRecognition/build/handgesturerecognition': CMAKE_PREFIX_PATH=/opt/ros/eloquent /usr/bin/cmake --build /home/katya/ros2_ws/handGestureRecognition/build/handgesturerecognition --target install -- -j4 -l4
[0.548s] Level 1:colcon.colcon_core.environment:create_environment_scripts_only(handgesturerecognition)
[0.550s] DEBUG:colcon.colcon_core.event_handler.log_command:Invoked command in '/home/katya/ros2_ws/handGestureRecognition/build/handgesturerecognition' returned '0': CMAKE_PREFIX_PATH=/opt/ros/eloquent /usr/bin/cmake --build /home/katya/ros2_ws/handGestureRecognition/build/handgesturerecognition --target install -- -j4 -l4
[0.553s] Level 1:colcon.colcon_core.environment:checking '/home/katya/ros2_ws/handGestureRecognition/install/handgesturerecognition' for CMake module files
[0.553s] Level 1:colcon.colcon_core.environment:checking '/home/katya/ros2_ws/handGestureRecognition/install/handgesturerecognition' for CMake config files
[0.554s] Level 1:colcon.colcon_core.shell:create_environment_hook('handgesturerecognition', 'cmake_prefix_path')
[0.555s] INFO:colcon.colcon_core.shell:Creating environment hook '/home/katya/ros2_ws/handGestureRecognition/install/handgesturerecognition/share/handgesturerecognition/hook/cmake_prefix_path.ps1'
[0.555s] INFO:colcon.colcon_core.shell:Creating environment descriptor '/home/katya/ros2_ws/handGestureRecognition/install/handgesturerecognition/share/handgesturerecognition/hook/cmake_prefix_path.dsv'
[0.556s] INFO:colcon.colcon_core.shell:Creating environment hook '/home/katya/ros2_ws/handGestureRecognition/install/handgesturerecognition/share/handgesturerecognition/hook/cmake_prefix_path.sh'
[0.558s] Level 1:colcon.colcon_core.environment:checking '/home/katya/ros2_ws/handGestureRecognition/install/handgesturerecognition/bin'
[0.558s] Level 1:colcon.colcon_core.environment:checking '/home/katya/ros2_ws/handGestureRecognition/install/handgesturerecognition/lib/pkgconfig/handgesturerecognition.pc'
[0.558s] Level 1:colcon.colcon_core.environment:checking '/home/katya/ros2_ws/handGestureRecognition/install/handgesturerecognition/lib/python3.6/site-packages'
[0.559s] INFO:colcon.colcon_core.shell:Creating package script '/home/katya/ros2_ws/handGestureRecognition/install/handgesturerecognition/share/handgesturerecognition/package.ps1'
[0.560s] INFO:colcon.colcon_core.shell:Creating package descriptor '/home/katya/ros2_ws/handGestureRecognition/install/handgesturerecognition/share/handgesturerecognition/package.dsv'
[0.561s] INFO:colcon.colcon_core.shell:Creating package script '/home/katya/ros2_ws/handGestureRecognition/install/handgesturerecognition/share/handgesturerecognition/package.sh'
[0.562s] INFO:colcon.colcon_core.shell:Creating package script '/home/katya/ros2_ws/handGestureRecognition/install/handgesturerecognition/share/handgesturerecognition/package.bash'
[0.563s] INFO:colcon.colcon_core.shell:Creating package script '/home/katya/ros2_ws/handGestureRecognition/install/handgesturerecognition/share/handgesturerecognition/package.zsh'
[0.565s] Level 1:colcon.colcon_core.environment:create_file_with_runtime_dependencies(/home/katya/ros2_ws/handGestureRecognition/install/handgesturerecognition/share/colcon-core/packages/handgesturerecognition)
[0.565s] DEBUG:colcon.colcon_parallel_executor.executor.parallel:closing loop
[0.566s] DEBUG:colcon.colcon_parallel_executor.executor.parallel:loop closed
[0.566s] DEBUG:colcon.colcon_parallel_executor.executor.parallel:run_until_complete finished with '0'
[0.566s] DEBUG:colcon.colcon_core.event_reactor:joining thread
[0.574s] INFO:colcon.colcon_core.plugin_system:Skipping extension 'colcon_notification.desktop_notification.terminal_notifier': Not used on non-Darwin systems
[0.574s] INFO:colcon.colcon_core.plugin_system:Skipping extension 'colcon_notification.desktop_notification.win32': Not used on non-Windows systems
[0.574s] INFO:colcon.colcon_notification.desktop_notification:Sending desktop notification using 'notify2'
[0.579s] DEBUG:colcon.colcon_core.event_reactor:joined thread
[0.579s] INFO:colcon.colcon_core.shell:Creating prefix script '/home/katya/ros2_ws/handGestureRecognition/install/local_setup.ps1'
[0.581s] INFO:colcon.colcon_core.shell:Creating prefix util module '/home/katya/ros2_ws/handGestureRecognition/install/_local_setup_util_ps1.py'
[0.584s] INFO:colcon.colcon_core.shell:Creating prefix chain script '/home/katya/ros2_ws/handGestureRecognition/install/setup.ps1'
[0.601s] INFO:colcon.colcon_core.shell:Creating prefix script '/home/katya/ros2_ws/handGestureRecognition/install/local_setup.sh'
[0.601s] INFO:colcon.colcon_core.shell:Creating prefix util module '/home/katya/ros2_ws/handGestureRecognition/install/_local_setup_util_sh.py'
[0.602s] INFO:colcon.colcon_core.shell:Creating prefix chain script '/home/katya/ros2_ws/handGestureRecognition/install/setup.sh'
[0.606s] INFO:colcon.colcon_core.shell:Creating prefix script '/home/katya/ros2_ws/handGestureRecognition/install/local_setup.bash'
[0.607s] INFO:colcon.colcon_core.shell:Creating prefix chain script '/home/katya/ros2_ws/handGestureRecognition/install/setup.bash'
[0.617s] INFO:colcon.colcon_core.shell:Creating prefix script '/home/katya/ros2_ws/handGestureRecognition/install/local_setup.zsh'
[0.618s] INFO:colcon.colcon_core.shell:Creating prefix chain script '/home/katya/ros2_ws/handGestureRecognition/install/setup.zsh'
