[0.341s] DEBUG:colcon:Command line arguments: ['/usr/bin/colcon', 'build', '--symlink-install', '--packages-up-to', 'handgesturerecognition']
[0.342s] DEBUG:colcon:Parsed command line arguments: Namespace(ament_cmake_args=None, base_paths=['.'], build_base='build', catkin_cmake_args=None, catkin_skip_building_tests=False, cmake_args=None, cmake_clean_cache=False, cmake_clean_first=False, cmake_force_configure=False, cmake_target=None, cmake_target_skip_unavailable=False, continue_on_error=False, event_handlers=None, executor='parallel', ignore_user_meta=False, install_base='install', log_base=None, log_level=None, main=<bound method BuildVerb.main of <colcon_core.verb.build.BuildVerb object at 0x7f05bc280a90>>, merge_install=False, metas=['./colcon.meta'], packages_above=None, packages_above_depth=None, packages_end=None, packages_ignore=None, packages_ignore_regex=None, packages_select=None, packages_select_build_failed=False, packages_select_by_dep=None, packages_select_regex=None, packages_select_test_failures=False, packages_skip=None, packages_skip_build_finished=False, packages_skip_by_dep=None, packages_skip_regex=None, packages_skip_test_passed=False, packages_skip_up_to=None, packages_start=None, packages_up_to=['handgesturerecognition'], parallel_workers=4, paths=None, symlink_install=True, test_result_base=None, verb_extension=<colcon_core.verb.build.BuildVerb object at 0x7f05bc280a90>, verb_name='build', verb_parser=<colcon_defaults.argument_parser.defaults.DefaultArgumentsDecorator object at 0x7f05bc280dd8>)
[0.420s] Level 1:colcon.colcon_core.package_discovery:discover_packages(colcon_meta) check parameters
[0.420s] Level 1:colcon.colcon_core.package_discovery:discover_packages(recursive) check parameters
[0.420s] Level 1:colcon.colcon_core.package_discovery:discover_packages(ignore) check parameters
[0.420s] Level 1:colcon.colcon_core.package_discovery:discover_packages(path) check parameters
[0.420s] Level 1:colcon.colcon_core.package_discovery:discover_packages(colcon_meta) discover
[0.421s] Level 1:colcon.colcon_core.package_discovery:discover_packages(recursive) discover
[0.421s] INFO:colcon.colcon_core.package_discovery:Crawling recursively for packages in '/home/katya/ros2_ws/handGestureRecognition'
[0.421s] Level 1:colcon.colcon_core.package_identification:_identify(.) by extensions ['ignore', 'ignore_ament_install']
[0.421s] Level 1:colcon.colcon_core.package_identification:_identify(.) by extension 'ignore'
[0.421s] Level 1:colcon.colcon_core.package_identification:_identify(.) by extension 'ignore_ament_install'
[0.421s] Level 1:colcon.colcon_core.package_identification:_identify(.) by extensions ['colcon_pkg']
[0.421s] Level 1:colcon.colcon_core.package_identification:_identify(.) by extension 'colcon_pkg'
[0.421s] Level 1:colcon.colcon_core.package_identification:_identify(.) by extensions ['colcon_meta']
[0.421s] Level 1:colcon.colcon_core.package_identification:_identify(.) by extension 'colcon_meta'
[0.422s] Level 1:colcon.colcon_core.package_identification:_identify(.) by extensions ['ros']
[0.422s] Level 1:colcon.colcon_core.package_identification:_identify(.) by extension 'ros'
[0.439s] Level 1:colcon.colcon_core.package_identification:_identify(.) by extensions ['cmake', 'python']
[0.439s] Level 1:colcon.colcon_core.package_identification:_identify(.) by extension 'cmake'
[0.439s] Level 1:colcon.colcon_core.package_identification:_identify(.) by extension 'python'
[0.439s] Level 1:colcon.colcon_core.package_identification:_identify(.) by extensions ['python_setup_py']
[0.439s] Level 1:colcon.colcon_core.package_identification:_identify(.) by extension 'python_setup_py'
[0.440s] Level 1:colcon.colcon_core.package_identification:_identify(build) by extensions ['ignore', 'ignore_ament_install']
[0.440s] Level 1:colcon.colcon_core.package_identification:_identify(build) by extension 'ignore'
[0.440s] Level 1:colcon.colcon_core.package_identification:_identify(build) ignored
[0.440s] Level 1:colcon.colcon_core.package_identification:_identify(data2RViz) by extensions ['ignore', 'ignore_ament_install']
[0.440s] Level 1:colcon.colcon_core.package_identification:_identify(data2RViz) by extension 'ignore'
[0.440s] Level 1:colcon.colcon_core.package_identification:_identify(data2RViz) by extension 'ignore_ament_install'
[0.441s] Level 1:colcon.colcon_core.package_identification:_identify(data2RViz) by extensions ['colcon_pkg']
[0.441s] Level 1:colcon.colcon_core.package_identification:_identify(data2RViz) by extension 'colcon_pkg'
[0.441s] Level 1:colcon.colcon_core.package_identification:_identify(data2RViz) by extensions ['colcon_meta']
[0.441s] Level 1:colcon.colcon_core.package_identification:_identify(data2RViz) by extension 'colcon_meta'
[0.441s] Level 1:colcon.colcon_core.package_identification:_identify(data2RViz) by extensions ['ros']
[0.441s] Level 1:colcon.colcon_core.package_identification:_identify(data2RViz) by extension 'ros'
[0.441s] Level 1:colcon.colcon_core.package_identification:_identify(data2RViz) by extensions ['cmake', 'python']
[0.441s] Level 1:colcon.colcon_core.package_identification:_identify(data2RViz) by extension 'cmake'
[0.441s] Level 1:colcon.colcon_core.package_identification:_identify(data2RViz) by extension 'python'
[0.441s] Level 1:colcon.colcon_core.package_identification:_identify(data2RViz) by extensions ['python_setup_py']
[0.441s] Level 1:colcon.colcon_core.package_identification:_identify(data2RViz) by extension 'python_setup_py'
[0.441s] Level 1:colcon.colcon_core.package_identification:_identify(data2RViz/models) by extensions ['ignore', 'ignore_ament_install']
[0.441s] Level 1:colcon.colcon_core.package_identification:_identify(data2RViz/models) by extension 'ignore'
[0.441s] Level 1:colcon.colcon_core.package_identification:_identify(data2RViz/models) by extension 'ignore_ament_install'
[0.442s] Level 1:colcon.colcon_core.package_identification:_identify(data2RViz/models) by extensions ['colcon_pkg']
[0.442s] Level 1:colcon.colcon_core.package_identification:_identify(data2RViz/models) by extension 'colcon_pkg'
[0.442s] Level 1:colcon.colcon_core.package_identification:_identify(data2RViz/models) by extensions ['colcon_meta']
[0.442s] Level 1:colcon.colcon_core.package_identification:_identify(data2RViz/models) by extension 'colcon_meta'
[0.442s] Level 1:colcon.colcon_core.package_identification:_identify(data2RViz/models) by extensions ['ros']
[0.442s] Level 1:colcon.colcon_core.package_identification:_identify(data2RViz/models) by extension 'ros'
[0.442s] Level 1:colcon.colcon_core.package_identification:_identify(data2RViz/models) by extensions ['cmake', 'python']
[0.442s] Level 1:colcon.colcon_core.package_identification:_identify(data2RViz/models) by extension 'cmake'
[0.442s] Level 1:colcon.colcon_core.package_identification:_identify(data2RViz/models) by extension 'python'
[0.442s] Level 1:colcon.colcon_core.package_identification:_identify(data2RViz/models) by extensions ['python_setup_py']
[0.442s] Level 1:colcon.colcon_core.package_identification:_identify(data2RViz/models) by extension 'python_setup_py'
[0.442s] Level 1:colcon.colcon_core.package_identification:_identify(data2RViz/models/components) by extensions ['ignore', 'ignore_ament_install']
[0.442s] Level 1:colcon.colcon_core.package_identification:_identify(data2RViz/models/components) by extension 'ignore'
[0.442s] Level 1:colcon.colcon_core.package_identification:_identify(data2RViz/models/components) by extension 'ignore_ament_install'
[0.442s] Level 1:colcon.colcon_core.package_identification:_identify(data2RViz/models/components) by extensions ['colcon_pkg']
[0.443s] Level 1:colcon.colcon_core.package_identification:_identify(data2RViz/models/components) by extension 'colcon_pkg'
[0.443s] Level 1:colcon.colcon_core.package_identification:_identify(data2RViz/models/components) by extensions ['colcon_meta']
[0.443s] Level 1:colcon.colcon_core.package_identification:_identify(data2RViz/models/components) by extension 'colcon_meta'
[0.443s] Level 1:colcon.colcon_core.package_identification:_identify(data2RViz/models/components) by extensions ['ros']
[0.443s] Level 1:colcon.colcon_core.package_identification:_identify(data2RViz/models/components) by extension 'ros'
[0.443s] Level 1:colcon.colcon_core.package_identification:_identify(data2RViz/models/components) by extensions ['cmake', 'python']
[0.443s] Level 1:colcon.colcon_core.package_identification:_identify(data2RViz/models/components) by extension 'cmake'
[0.443s] Level 1:colcon.colcon_core.package_identification:_identify(data2RViz/models/components) by extension 'python'
[0.443s] Level 1:colcon.colcon_core.package_identification:_identify(data2RViz/models/components) by extensions ['python_setup_py']
[0.443s] Level 1:colcon.colcon_core.package_identification:_identify(data2RViz/models/components) by extension 'python_setup_py'
[0.443s] Level 1:colcon.colcon_core.package_identification:_identify(data2RViz/models/services) by extensions ['ignore', 'ignore_ament_install']
[0.443s] Level 1:colcon.colcon_core.package_identification:_identify(data2RViz/models/services) by extension 'ignore'
[0.443s] Level 1:colcon.colcon_core.package_identification:_identify(data2RViz/models/services) by extension 'ignore_ament_install'
[0.443s] Level 1:colcon.colcon_core.package_identification:_identify(data2RViz/models/services) by extensions ['colcon_pkg']
[0.443s] Level 1:colcon.colcon_core.package_identification:_identify(data2RViz/models/services) by extension 'colcon_pkg'
[0.444s] Level 1:colcon.colcon_core.package_identification:_identify(data2RViz/models/services) by extensions ['colcon_meta']
[0.444s] Level 1:colcon.colcon_core.package_identification:_identify(data2RViz/models/services) by extension 'colcon_meta'
[0.444s] Level 1:colcon.colcon_core.package_identification:_identify(data2RViz/models/services) by extensions ['ros']
[0.444s] Level 1:colcon.colcon_core.package_identification:_identify(data2RViz/models/services) by extension 'ros'
[0.444s] Level 1:colcon.colcon_core.package_identification:_identify(data2RViz/models/services) by extensions ['cmake', 'python']
[0.444s] Level 1:colcon.colcon_core.package_identification:_identify(data2RViz/models/services) by extension 'cmake'
[0.444s] Level 1:colcon.colcon_core.package_identification:_identify(data2RViz/models/services) by extension 'python'
[0.444s] Level 1:colcon.colcon_core.package_identification:_identify(data2RViz/models/services) by extensions ['python_setup_py']
[0.444s] Level 1:colcon.colcon_core.package_identification:_identify(data2RViz/models/services) by extension 'python_setup_py'
[0.444s] Level 1:colcon.colcon_core.package_identification:_identify(data2RViz/models/skills) by extensions ['ignore', 'ignore_ament_install']
[0.444s] Level 1:colcon.colcon_core.package_identification:_identify(data2RViz/models/skills) by extension 'ignore'
[0.444s] Level 1:colcon.colcon_core.package_identification:_identify(data2RViz/models/skills) by extension 'ignore_ament_install'
[0.444s] Level 1:colcon.colcon_core.package_identification:_identify(data2RViz/models/skills) by extensions ['colcon_pkg']
[0.444s] Level 1:colcon.colcon_core.package_identification:_identify(data2RViz/models/skills) by extension 'colcon_pkg'
[0.444s] Level 1:colcon.colcon_core.package_identification:_identify(data2RViz/models/skills) by extensions ['colcon_meta']
[0.445s] Level 1:colcon.colcon_core.package_identification:_identify(data2RViz/models/skills) by extension 'colcon_meta'
[0.445s] Level 1:colcon.colcon_core.package_identification:_identify(data2RViz/models/skills) by extensions ['ros']
[0.445s] Level 1:colcon.colcon_core.package_identification:_identify(data2RViz/models/skills) by extension 'ros'
[0.445s] Level 1:colcon.colcon_core.package_identification:_identify(data2RViz/models/skills) by extensions ['cmake', 'python']
[0.445s] Level 1:colcon.colcon_core.package_identification:_identify(data2RViz/models/skills) by extension 'cmake'
[0.445s] Level 1:colcon.colcon_core.package_identification:_identify(data2RViz/models/skills) by extension 'python'
[0.445s] Level 1:colcon.colcon_core.package_identification:_identify(data2RViz/models/skills) by extensions ['python_setup_py']
[0.445s] Level 1:colcon.colcon_core.package_identification:_identify(data2RViz/models/skills) by extension 'python_setup_py'
[0.445s] Level 1:colcon.colcon_core.package_identification:_identify(data2RViz/models/system) by extensions ['ignore', 'ignore_ament_install']
[0.445s] Level 1:colcon.colcon_core.package_identification:_identify(data2RViz/models/system) by extension 'ignore'
[0.445s] Level 1:colcon.colcon_core.package_identification:_identify(data2RViz/models/system) by extension 'ignore_ament_install'
[0.445s] Level 1:colcon.colcon_core.package_identification:_identify(data2RViz/models/system) by extensions ['colcon_pkg']
[0.445s] Level 1:colcon.colcon_core.package_identification:_identify(data2RViz/models/system) by extension 'colcon_pkg'
[0.445s] Level 1:colcon.colcon_core.package_identification:_identify(data2RViz/models/system) by extensions ['colcon_meta']
[0.445s] Level 1:colcon.colcon_core.package_identification:_identify(data2RViz/models/system) by extension 'colcon_meta'
[0.446s] Level 1:colcon.colcon_core.package_identification:_identify(data2RViz/models/system) by extensions ['ros']
[0.446s] Level 1:colcon.colcon_core.package_identification:_identify(data2RViz/models/system) by extension 'ros'
[0.446s] Level 1:colcon.colcon_core.package_identification:_identify(data2RViz/models/system) by extensions ['cmake', 'python']
[0.446s] Level 1:colcon.colcon_core.package_identification:_identify(data2RViz/models/system) by extension 'cmake'
[0.446s] Level 1:colcon.colcon_core.package_identification:_identify(data2RViz/models/system) by extension 'python'
[0.446s] Level 1:colcon.colcon_core.package_identification:_identify(data2RViz/models/system) by extensions ['python_setup_py']
[0.446s] Level 1:colcon.colcon_core.package_identification:_identify(data2RViz/models/system) by extension 'python_setup_py'
[0.446s] Level 1:colcon.colcon_core.package_identification:_identify(data2RViz/models/taskbased-hara) by extensions ['ignore', 'ignore_ament_install']
[0.446s] Level 1:colcon.colcon_core.package_identification:_identify(data2RViz/models/taskbased-hara) by extension 'ignore'
[0.446s] Level 1:colcon.colcon_core.package_identification:_identify(data2RViz/models/taskbased-hara) by extension 'ignore_ament_install'
[0.446s] Level 1:colcon.colcon_core.package_identification:_identify(data2RViz/models/taskbased-hara) by extensions ['colcon_pkg']
[0.446s] Level 1:colcon.colcon_core.package_identification:_identify(data2RViz/models/taskbased-hara) by extension 'colcon_pkg'
[0.446s] Level 1:colcon.colcon_core.package_identification:_identify(data2RViz/models/taskbased-hara) by extensions ['colcon_meta']
[0.446s] Level 1:colcon.colcon_core.package_identification:_identify(data2RViz/models/taskbased-hara) by extension 'colcon_meta'
[0.446s] Level 1:colcon.colcon_core.package_identification:_identify(data2RViz/models/taskbased-hara) by extensions ['ros']
[0.446s] Level 1:colcon.colcon_core.package_identification:_identify(data2RViz/models/taskbased-hara) by extension 'ros'
[0.447s] Level 1:colcon.colcon_core.package_identification:_identify(data2RViz/models/taskbased-hara) by extensions ['cmake', 'python']
[0.447s] Level 1:colcon.colcon_core.package_identification:_identify(data2RViz/models/taskbased-hara) by extension 'cmake'
[0.447s] Level 1:colcon.colcon_core.package_identification:_identify(data2RViz/models/taskbased-hara) by extension 'python'
[0.447s] Level 1:colcon.colcon_core.package_identification:_identify(data2RViz/models/taskbased-hara) by extensions ['python_setup_py']
[0.447s] Level 1:colcon.colcon_core.package_identification:_identify(data2RViz/models/taskbased-hara) by extension 'python_setup_py'
[0.447s] Level 1:colcon.colcon_core.package_identification:_identify(data2RViz/models/tasks) by extensions ['ignore', 'ignore_ament_install']
[0.447s] Level 1:colcon.colcon_core.package_identification:_identify(data2RViz/models/tasks) by extension 'ignore'
[0.447s] Level 1:colcon.colcon_core.package_identification:_identify(data2RViz/models/tasks) by extension 'ignore_ament_install'
[0.447s] Level 1:colcon.colcon_core.package_identification:_identify(data2RViz/models/tasks) by extensions ['colcon_pkg']
[0.447s] Level 1:colcon.colcon_core.package_identification:_identify(data2RViz/models/tasks) by extension 'colcon_pkg'
[0.447s] Level 1:colcon.colcon_core.package_identification:_identify(data2RViz/models/tasks) by extensions ['colcon_meta']
[0.447s] Level 1:colcon.colcon_core.package_identification:_identify(data2RViz/models/tasks) by extension 'colcon_meta'
[0.447s] Level 1:colcon.colcon_core.package_identification:_identify(data2RViz/models/tasks) by extensions ['ros']
[0.447s] Level 1:colcon.colcon_core.package_identification:_identify(data2RViz/models/tasks) by extension 'ros'
[0.448s] Level 1:colcon.colcon_core.package_identification:_identify(data2RViz/models/tasks) by extensions ['cmake', 'python']
[0.448s] Level 1:colcon.colcon_core.package_identification:_identify(data2RViz/models/tasks) by extension 'cmake'
[0.448s] Level 1:colcon.colcon_core.package_identification:_identify(data2RViz/models/tasks) by extension 'python'
[0.448s] Level 1:colcon.colcon_core.package_identification:_identify(data2RViz/models/tasks) by extensions ['python_setup_py']
[0.448s] Level 1:colcon.colcon_core.package_identification:_identify(data2RViz/models/tasks) by extension 'python_setup_py'
[0.448s] Level 1:colcon.colcon_core.package_identification:_identify(gestureDetector) by extensions ['ignore', 'ignore_ament_install']
[0.448s] Level 1:colcon.colcon_core.package_identification:_identify(gestureDetector) by extension 'ignore'
[0.448s] Level 1:colcon.colcon_core.package_identification:_identify(gestureDetector) by extension 'ignore_ament_install'
[0.448s] Level 1:colcon.colcon_core.package_identification:_identify(gestureDetector) by extensions ['colcon_pkg']
[0.448s] Level 1:colcon.colcon_core.package_identification:_identify(gestureDetector) by extension 'colcon_pkg'
[0.448s] Level 1:colcon.colcon_core.package_identification:_identify(gestureDetector) by extensions ['colcon_meta']
[0.448s] Level 1:colcon.colcon_core.package_identification:_identify(gestureDetector) by extension 'colcon_meta'
[0.448s] Level 1:colcon.colcon_core.package_identification:_identify(gestureDetector) by extensions ['ros']
[0.448s] Level 1:colcon.colcon_core.package_identification:_identify(gestureDetector) by extension 'ros'
[0.448s] Level 1:colcon.colcon_core.package_identification:_identify(gestureDetector) by extensions ['cmake', 'python']
[0.449s] Level 1:colcon.colcon_core.package_identification:_identify(gestureDetector) by extension 'cmake'
[0.449s] Level 1:colcon.colcon_core.package_identification:_identify(gestureDetector) by extension 'python'
[0.449s] Level 1:colcon.colcon_core.package_identification:_identify(gestureDetector) by extensions ['python_setup_py']
[0.449s] Level 1:colcon.colcon_core.package_identification:_identify(gestureDetector) by extension 'python_setup_py'
[0.449s] Level 1:colcon.colcon_core.package_identification:_identify(gestureDetector/models) by extensions ['ignore', 'ignore_ament_install']
[0.449s] Level 1:colcon.colcon_core.package_identification:_identify(gestureDetector/models) by extension 'ignore'
[0.449s] Level 1:colcon.colcon_core.package_identification:_identify(gestureDetector/models) by extension 'ignore_ament_install'
[0.449s] Level 1:colcon.colcon_core.package_identification:_identify(gestureDetector/models) by extensions ['colcon_pkg']
[0.449s] Level 1:colcon.colcon_core.package_identification:_identify(gestureDetector/models) by extension 'colcon_pkg'
[0.449s] Level 1:colcon.colcon_core.package_identification:_identify(gestureDetector/models) by extensions ['colcon_meta']
[0.449s] Level 1:colcon.colcon_core.package_identification:_identify(gestureDetector/models) by extension 'colcon_meta'
[0.449s] Level 1:colcon.colcon_core.package_identification:_identify(gestureDetector/models) by extensions ['ros']
[0.449s] Level 1:colcon.colcon_core.package_identification:_identify(gestureDetector/models) by extension 'ros'
[0.449s] Level 1:colcon.colcon_core.package_identification:_identify(gestureDetector/models) by extensions ['cmake', 'python']
[0.449s] Level 1:colcon.colcon_core.package_identification:_identify(gestureDetector/models) by extension 'cmake'
[0.449s] Level 1:colcon.colcon_core.package_identification:_identify(gestureDetector/models) by extension 'python'
[0.450s] Level 1:colcon.colcon_core.package_identification:_identify(gestureDetector/models) by extensions ['python_setup_py']
[0.450s] Level 1:colcon.colcon_core.package_identification:_identify(gestureDetector/models) by extension 'python_setup_py'
[0.450s] Level 1:colcon.colcon_core.package_identification:_identify(gestureDetector/models/components) by extensions ['ignore', 'ignore_ament_install']
[0.450s] Level 1:colcon.colcon_core.package_identification:_identify(gestureDetector/models/components) by extension 'ignore'
[0.450s] Level 1:colcon.colcon_core.package_identification:_identify(gestureDetector/models/components) by extension 'ignore_ament_install'
[0.450s] Level 1:colcon.colcon_core.package_identification:_identify(gestureDetector/models/components) by extensions ['colcon_pkg']
[0.450s] Level 1:colcon.colcon_core.package_identification:_identify(gestureDetector/models/components) by extension 'colcon_pkg'
[0.450s] Level 1:colcon.colcon_core.package_identification:_identify(gestureDetector/models/components) by extensions ['colcon_meta']
[0.450s] Level 1:colcon.colcon_core.package_identification:_identify(gestureDetector/models/components) by extension 'colcon_meta'
[0.450s] Level 1:colcon.colcon_core.package_identification:_identify(gestureDetector/models/components) by extensions ['ros']
[0.450s] Level 1:colcon.colcon_core.package_identification:_identify(gestureDetector/models/components) by extension 'ros'
[0.450s] Level 1:colcon.colcon_core.package_identification:_identify(gestureDetector/models/components) by extensions ['cmake', 'python']
[0.450s] Level 1:colcon.colcon_core.package_identification:_identify(gestureDetector/models/components) by extension 'cmake'
[0.450s] Level 1:colcon.colcon_core.package_identification:_identify(gestureDetector/models/components) by extension 'python'
[0.451s] Level 1:colcon.colcon_core.package_identification:_identify(gestureDetector/models/components) by extensions ['python_setup_py']
[0.451s] Level 1:colcon.colcon_core.package_identification:_identify(gestureDetector/models/components) by extension 'python_setup_py'
[0.451s] Level 1:colcon.colcon_core.package_identification:_identify(gestureDetector/models/services) by extensions ['ignore', 'ignore_ament_install']
[0.451s] Level 1:colcon.colcon_core.package_identification:_identify(gestureDetector/models/services) by extension 'ignore'
[0.451s] Level 1:colcon.colcon_core.package_identification:_identify(gestureDetector/models/services) by extension 'ignore_ament_install'
[0.451s] Level 1:colcon.colcon_core.package_identification:_identify(gestureDetector/models/services) by extensions ['colcon_pkg']
[0.451s] Level 1:colcon.colcon_core.package_identification:_identify(gestureDetector/models/services) by extension 'colcon_pkg'
[0.451s] Level 1:colcon.colcon_core.package_identification:_identify(gestureDetector/models/services) by extensions ['colcon_meta']
[0.451s] Level 1:colcon.colcon_core.package_identification:_identify(gestureDetector/models/services) by extension 'colcon_meta'
[0.451s] Level 1:colcon.colcon_core.package_identification:_identify(gestureDetector/models/services) by extensions ['ros']
[0.451s] Level 1:colcon.colcon_core.package_identification:_identify(gestureDetector/models/services) by extension 'ros'
[0.451s] Level 1:colcon.colcon_core.package_identification:_identify(gestureDetector/models/services) by extensions ['cmake', 'python']
[0.451s] Level 1:colcon.colcon_core.package_identification:_identify(gestureDetector/models/services) by extension 'cmake'
[0.451s] Level 1:colcon.colcon_core.package_identification:_identify(gestureDetector/models/services) by extension 'python'
[0.451s] Level 1:colcon.colcon_core.package_identification:_identify(gestureDetector/models/services) by extensions ['python_setup_py']
[0.451s] Level 1:colcon.colcon_core.package_identification:_identify(gestureDetector/models/services) by extension 'python_setup_py'
[0.452s] Level 1:colcon.colcon_core.package_identification:_identify(gestureDetector/models/skills) by extensions ['ignore', 'ignore_ament_install']
[0.452s] Level 1:colcon.colcon_core.package_identification:_identify(gestureDetector/models/skills) by extension 'ignore'
[0.452s] Level 1:colcon.colcon_core.package_identification:_identify(gestureDetector/models/skills) by extension 'ignore_ament_install'
[0.452s] Level 1:colcon.colcon_core.package_identification:_identify(gestureDetector/models/skills) by extensions ['colcon_pkg']
[0.452s] Level 1:colcon.colcon_core.package_identification:_identify(gestureDetector/models/skills) by extension 'colcon_pkg'
[0.452s] Level 1:colcon.colcon_core.package_identification:_identify(gestureDetector/models/skills) by extensions ['colcon_meta']
[0.452s] Level 1:colcon.colcon_core.package_identification:_identify(gestureDetector/models/skills) by extension 'colcon_meta'
[0.452s] Level 1:colcon.colcon_core.package_identification:_identify(gestureDetector/models/skills) by extensions ['ros']
[0.452s] Level 1:colcon.colcon_core.package_identification:_identify(gestureDetector/models/skills) by extension 'ros'
[0.452s] Level 1:colcon.colcon_core.package_identification:_identify(gestureDetector/models/skills) by extensions ['cmake', 'python']
[0.452s] Level 1:colcon.colcon_core.package_identification:_identify(gestureDetector/models/skills) by extension 'cmake'
[0.452s] Level 1:colcon.colcon_core.package_identification:_identify(gestureDetector/models/skills) by extension 'python'
[0.452s] Level 1:colcon.colcon_core.package_identification:_identify(gestureDetector/models/skills) by extensions ['python_setup_py']
[0.452s] Level 1:colcon.colcon_core.package_identification:_identify(gestureDetector/models/skills) by extension 'python_setup_py'
[0.453s] Level 1:colcon.colcon_core.package_identification:_identify(gestureDetector/models/system) by extensions ['ignore', 'ignore_ament_install']
[0.453s] Level 1:colcon.colcon_core.package_identification:_identify(gestureDetector/models/system) by extension 'ignore'
[0.453s] Level 1:colcon.colcon_core.package_identification:_identify(gestureDetector/models/system) by extension 'ignore_ament_install'
[0.453s] Level 1:colcon.colcon_core.package_identification:_identify(gestureDetector/models/system) by extensions ['colcon_pkg']
[0.453s] Level 1:colcon.colcon_core.package_identification:_identify(gestureDetector/models/system) by extension 'colcon_pkg'
[0.453s] Level 1:colcon.colcon_core.package_identification:_identify(gestureDetector/models/system) by extensions ['colcon_meta']
[0.453s] Level 1:colcon.colcon_core.package_identification:_identify(gestureDetector/models/system) by extension 'colcon_meta'
[0.453s] Level 1:colcon.colcon_core.package_identification:_identify(gestureDetector/models/system) by extensions ['ros']
[0.453s] Level 1:colcon.colcon_core.package_identification:_identify(gestureDetector/models/system) by extension 'ros'
[0.453s] Level 1:colcon.colcon_core.package_identification:_identify(gestureDetector/models/system) by extensions ['cmake', 'python']
[0.453s] Level 1:colcon.colcon_core.package_identification:_identify(gestureDetector/models/system) by extension 'cmake'
[0.453s] Level 1:colcon.colcon_core.package_identification:_identify(gestureDetector/models/system) by extension 'python'
[0.453s] Level 1:colcon.colcon_core.package_identification:_identify(gestureDetector/models/system) by extensions ['python_setup_py']
[0.453s] Level 1:colcon.colcon_core.package_identification:_identify(gestureDetector/models/system) by extension 'python_setup_py'
[0.453s] Level 1:colcon.colcon_core.package_identification:_identify(gestureDetector/models/taskbased-hara) by extensions ['ignore', 'ignore_ament_install']
[0.454s] Level 1:colcon.colcon_core.package_identification:_identify(gestureDetector/models/taskbased-hara) by extension 'ignore'
[0.454s] Level 1:colcon.colcon_core.package_identification:_identify(gestureDetector/models/taskbased-hara) by extension 'ignore_ament_install'
[0.454s] Level 1:colcon.colcon_core.package_identification:_identify(gestureDetector/models/taskbased-hara) by extensions ['colcon_pkg']
[0.454s] Level 1:colcon.colcon_core.package_identification:_identify(gestureDetector/models/taskbased-hara) by extension 'colcon_pkg'
[0.454s] Level 1:colcon.colcon_core.package_identification:_identify(gestureDetector/models/taskbased-hara) by extensions ['colcon_meta']
[0.454s] Level 1:colcon.colcon_core.package_identification:_identify(gestureDetector/models/taskbased-hara) by extension 'colcon_meta'
[0.454s] Level 1:colcon.colcon_core.package_identification:_identify(gestureDetector/models/taskbased-hara) by extensions ['ros']
[0.454s] Level 1:colcon.colcon_core.package_identification:_identify(gestureDetector/models/taskbased-hara) by extension 'ros'
[0.454s] Level 1:colcon.colcon_core.package_identification:_identify(gestureDetector/models/taskbased-hara) by extensions ['cmake', 'python']
[0.454s] Level 1:colcon.colcon_core.package_identification:_identify(gestureDetector/models/taskbased-hara) by extension 'cmake'
[0.454s] Level 1:colcon.colcon_core.package_identification:_identify(gestureDetector/models/taskbased-hara) by extension 'python'
[0.454s] Level 1:colcon.colcon_core.package_identification:_identify(gestureDetector/models/taskbased-hara) by extensions ['python_setup_py']
[0.454s] Level 1:colcon.colcon_core.package_identification:_identify(gestureDetector/models/taskbased-hara) by extension 'python_setup_py'
[0.454s] Level 1:colcon.colcon_core.package_identification:_identify(gestureDetector/models/tasks) by extensions ['ignore', 'ignore_ament_install']
[0.455s] Level 1:colcon.colcon_core.package_identification:_identify(gestureDetector/models/tasks) by extension 'ignore'
[0.455s] Level 1:colcon.colcon_core.package_identification:_identify(gestureDetector/models/tasks) by extension 'ignore_ament_install'
[0.455s] Level 1:colcon.colcon_core.package_identification:_identify(gestureDetector/models/tasks) by extensions ['colcon_pkg']
[0.455s] Level 1:colcon.colcon_core.package_identification:_identify(gestureDetector/models/tasks) by extension 'colcon_pkg'
[0.455s] Level 1:colcon.colcon_core.package_identification:_identify(gestureDetector/models/tasks) by extensions ['colcon_meta']
[0.455s] Level 1:colcon.colcon_core.package_identification:_identify(gestureDetector/models/tasks) by extension 'colcon_meta'
[0.455s] Level 1:colcon.colcon_core.package_identification:_identify(gestureDetector/models/tasks) by extensions ['ros']
[0.455s] Level 1:colcon.colcon_core.package_identification:_identify(gestureDetector/models/tasks) by extension 'ros'
[0.455s] Level 1:colcon.colcon_core.package_identification:_identify(gestureDetector/models/tasks) by extensions ['cmake', 'python']
[0.455s] Level 1:colcon.colcon_core.package_identification:_identify(gestureDetector/models/tasks) by extension 'cmake'
[0.455s] Level 1:colcon.colcon_core.package_identification:_identify(gestureDetector/models/tasks) by extension 'python'
[0.455s] Level 1:colcon.colcon_core.package_identification:_identify(gestureDetector/models/tasks) by extensions ['python_setup_py']
[0.455s] Level 1:colcon.colcon_core.package_identification:_identify(gestureDetector/models/tasks) by extension 'python_setup_py'
[0.455s] Level 1:colcon.colcon_core.package_identification:_identify(handGestureRecognition) by extensions ['ignore', 'ignore_ament_install']
[0.456s] Level 1:colcon.colcon_core.package_identification:_identify(handGestureRecognition) by extension 'ignore'
[0.456s] Level 1:colcon.colcon_core.package_identification:_identify(handGestureRecognition) by extension 'ignore_ament_install'
[0.456s] Level 1:colcon.colcon_core.package_identification:_identify(handGestureRecognition) by extensions ['colcon_pkg']
[0.456s] Level 1:colcon.colcon_core.package_identification:_identify(handGestureRecognition) by extension 'colcon_pkg'
[0.456s] Level 1:colcon.colcon_core.package_identification:_identify(handGestureRecognition) by extensions ['colcon_meta']
[0.456s] Level 1:colcon.colcon_core.package_identification:_identify(handGestureRecognition) by extension 'colcon_meta'
[0.456s] Level 1:colcon.colcon_core.package_identification:_identify(handGestureRecognition) by extensions ['ros']
[0.456s] Level 1:colcon.colcon_core.package_identification:_identify(handGestureRecognition) by extension 'ros'
[0.460s] DEBUG:colcon.colcon_core.package_identification:Package 'handGestureRecognition' with type 'ros.ament_cmake' and name 'handgesturerecognition'
[0.460s] Level 1:colcon.colcon_core.package_identification:_identify(handTracker) by extensions ['ignore', 'ignore_ament_install']
[0.460s] Level 1:colcon.colcon_core.package_identification:_identify(handTracker) by extension 'ignore'
[0.460s] Level 1:colcon.colcon_core.package_identification:_identify(handTracker) by extension 'ignore_ament_install'
[0.461s] Level 1:colcon.colcon_core.package_identification:_identify(handTracker) by extensions ['colcon_pkg']
[0.461s] Level 1:colcon.colcon_core.package_identification:_identify(handTracker) by extension 'colcon_pkg'
[0.461s] Level 1:colcon.colcon_core.package_identification:_identify(handTracker) by extensions ['colcon_meta']
[0.461s] Level 1:colcon.colcon_core.package_identification:_identify(handTracker) by extension 'colcon_meta'
[0.461s] Level 1:colcon.colcon_core.package_identification:_identify(handTracker) by extensions ['ros']
[0.461s] Level 1:colcon.colcon_core.package_identification:_identify(handTracker) by extension 'ros'
[0.461s] Level 1:colcon.colcon_core.package_identification:_identify(handTracker) by extensions ['cmake', 'python']
[0.461s] Level 1:colcon.colcon_core.package_identification:_identify(handTracker) by extension 'cmake'
[0.461s] Level 1:colcon.colcon_core.package_identification:_identify(handTracker) by extension 'python'
[0.461s] Level 1:colcon.colcon_core.package_identification:_identify(handTracker) by extensions ['python_setup_py']
[0.461s] Level 1:colcon.colcon_core.package_identification:_identify(handTracker) by extension 'python_setup_py'
[0.461s] Level 1:colcon.colcon_core.package_identification:_identify(handTracker/models) by extensions ['ignore', 'ignore_ament_install']
[0.461s] Level 1:colcon.colcon_core.package_identification:_identify(handTracker/models) by extension 'ignore'
[0.461s] Level 1:colcon.colcon_core.package_identification:_identify(handTracker/models) by extension 'ignore_ament_install'
[0.462s] Level 1:colcon.colcon_core.package_identification:_identify(handTracker/models) by extensions ['colcon_pkg']
[0.462s] Level 1:colcon.colcon_core.package_identification:_identify(handTracker/models) by extension 'colcon_pkg'
[0.462s] Level 1:colcon.colcon_core.package_identification:_identify(handTracker/models) by extensions ['colcon_meta']
[0.462s] Level 1:colcon.colcon_core.package_identification:_identify(handTracker/models) by extension 'colcon_meta'
[0.462s] Level 1:colcon.colcon_core.package_identification:_identify(handTracker/models) by extensions ['ros']
[0.462s] Level 1:colcon.colcon_core.package_identification:_identify(handTracker/models) by extension 'ros'
[0.462s] Level 1:colcon.colcon_core.package_identification:_identify(handTracker/models) by extensions ['cmake', 'python']
[0.462s] Level 1:colcon.colcon_core.package_identification:_identify(handTracker/models) by extension 'cmake'
[0.462s] Level 1:colcon.colcon_core.package_identification:_identify(handTracker/models) by extension 'python'
[0.462s] Level 1:colcon.colcon_core.package_identification:_identify(handTracker/models) by extensions ['python_setup_py']
[0.462s] Level 1:colcon.colcon_core.package_identification:_identify(handTracker/models) by extension 'python_setup_py'
[0.462s] Level 1:colcon.colcon_core.package_identification:_identify(handTracker/models/components) by extensions ['ignore', 'ignore_ament_install']
[0.462s] Level 1:colcon.colcon_core.package_identification:_identify(handTracker/models/components) by extension 'ignore'
[0.462s] Level 1:colcon.colcon_core.package_identification:_identify(handTracker/models/components) by extension 'ignore_ament_install'
[0.463s] Level 1:colcon.colcon_core.package_identification:_identify(handTracker/models/components) by extensions ['colcon_pkg']
[0.463s] Level 1:colcon.colcon_core.package_identification:_identify(handTracker/models/components) by extension 'colcon_pkg'
[0.463s] Level 1:colcon.colcon_core.package_identification:_identify(handTracker/models/components) by extensions ['colcon_meta']
[0.463s] Level 1:colcon.colcon_core.package_identification:_identify(handTracker/models/components) by extension 'colcon_meta'
[0.463s] Level 1:colcon.colcon_core.package_identification:_identify(handTracker/models/components) by extensions ['ros']
[0.463s] Level 1:colcon.colcon_core.package_identification:_identify(handTracker/models/components) by extension 'ros'
[0.463s] Level 1:colcon.colcon_core.package_identification:_identify(handTracker/models/components) by extensions ['cmake', 'python']
[0.463s] Level 1:colcon.colcon_core.package_identification:_identify(handTracker/models/components) by extension 'cmake'
[0.463s] Level 1:colcon.colcon_core.package_identification:_identify(handTracker/models/components) by extension 'python'
[0.463s] Level 1:colcon.colcon_core.package_identification:_identify(handTracker/models/components) by extensions ['python_setup_py']
[0.463s] Level 1:colcon.colcon_core.package_identification:_identify(handTracker/models/components) by extension 'python_setup_py'
[0.463s] Level 1:colcon.colcon_core.package_identification:_identify(handTracker/models/services) by extensions ['ignore', 'ignore_ament_install']
[0.463s] Level 1:colcon.colcon_core.package_identification:_identify(handTracker/models/services) by extension 'ignore'
[0.463s] Level 1:colcon.colcon_core.package_identification:_identify(handTracker/models/services) by extension 'ignore_ament_install'
[0.463s] Level 1:colcon.colcon_core.package_identification:_identify(handTracker/models/services) by extensions ['colcon_pkg']
[0.463s] Level 1:colcon.colcon_core.package_identification:_identify(handTracker/models/services) by extension 'colcon_pkg'
[0.464s] Level 1:colcon.colcon_core.package_identification:_identify(handTracker/models/services) by extensions ['colcon_meta']
[0.464s] Level 1:colcon.colcon_core.package_identification:_identify(handTracker/models/services) by extension 'colcon_meta'
[0.464s] Level 1:colcon.colcon_core.package_identification:_identify(handTracker/models/services) by extensions ['ros']
[0.464s] Level 1:colcon.colcon_core.package_identification:_identify(handTracker/models/services) by extension 'ros'
[0.464s] Level 1:colcon.colcon_core.package_identification:_identify(handTracker/models/services) by extensions ['cmake', 'python']
[0.464s] Level 1:colcon.colcon_core.package_identification:_identify(handTracker/models/services) by extension 'cmake'
[0.464s] Level 1:colcon.colcon_core.package_identification:_identify(handTracker/models/services) by extension 'python'
[0.464s] Level 1:colcon.colcon_core.package_identification:_identify(handTracker/models/services) by extensions ['python_setup_py']
[0.464s] Level 1:colcon.colcon_core.package_identification:_identify(handTracker/models/services) by extension 'python_setup_py'
[0.464s] Level 1:colcon.colcon_core.package_identification:_identify(handTracker/models/skills) by extensions ['ignore', 'ignore_ament_install']
[0.464s] Level 1:colcon.colcon_core.package_identification:_identify(handTracker/models/skills) by extension 'ignore'
[0.464s] Level 1:colcon.colcon_core.package_identification:_identify(handTracker/models/skills) by extension 'ignore_ament_install'
[0.464s] Level 1:colcon.colcon_core.package_identification:_identify(handTracker/models/skills) by extensions ['colcon_pkg']
[0.464s] Level 1:colcon.colcon_core.package_identification:_identify(handTracker/models/skills) by extension 'colcon_pkg'
[0.464s] Level 1:colcon.colcon_core.package_identification:_identify(handTracker/models/skills) by extensions ['colcon_meta']
[0.464s] Level 1:colcon.colcon_core.package_identification:_identify(handTracker/models/skills) by extension 'colcon_meta'
[0.465s] Level 1:colcon.colcon_core.package_identification:_identify(handTracker/models/skills) by extensions ['ros']
[0.465s] Level 1:colcon.colcon_core.package_identification:_identify(handTracker/models/skills) by extension 'ros'
[0.465s] Level 1:colcon.colcon_core.package_identification:_identify(handTracker/models/skills) by extensions ['cmake', 'python']
[0.465s] Level 1:colcon.colcon_core.package_identification:_identify(handTracker/models/skills) by extension 'cmake'
[0.465s] Level 1:colcon.colcon_core.package_identification:_identify(handTracker/models/skills) by extension 'python'
[0.465s] Level 1:colcon.colcon_core.package_identification:_identify(handTracker/models/skills) by extensions ['python_setup_py']
[0.465s] Level 1:colcon.colcon_core.package_identification:_identify(handTracker/models/skills) by extension 'python_setup_py'
[0.465s] Level 1:colcon.colcon_core.package_identification:_identify(handTracker/models/system) by extensions ['ignore', 'ignore_ament_install']
[0.465s] Level 1:colcon.colcon_core.package_identification:_identify(handTracker/models/system) by extension 'ignore'
[0.465s] Level 1:colcon.colcon_core.package_identification:_identify(handTracker/models/system) by extension 'ignore_ament_install'
[0.465s] Level 1:colcon.colcon_core.package_identification:_identify(handTracker/models/system) by extensions ['colcon_pkg']
[0.465s] Level 1:colcon.colcon_core.package_identification:_identify(handTracker/models/system) by extension 'colcon_pkg'
[0.465s] Level 1:colcon.colcon_core.package_identification:_identify(handTracker/models/system) by extensions ['colcon_meta']
[0.465s] Level 1:colcon.colcon_core.package_identification:_identify(handTracker/models/system) by extension 'colcon_meta'
[0.465s] Level 1:colcon.colcon_core.package_identification:_identify(handTracker/models/system) by extensions ['ros']
[0.466s] Level 1:colcon.colcon_core.package_identification:_identify(handTracker/models/system) by extension 'ros'
[0.466s] Level 1:colcon.colcon_core.package_identification:_identify(handTracker/models/system) by extensions ['cmake', 'python']
[0.466s] Level 1:colcon.colcon_core.package_identification:_identify(handTracker/models/system) by extension 'cmake'
[0.466s] Level 1:colcon.colcon_core.package_identification:_identify(handTracker/models/system) by extension 'python'
[0.466s] Level 1:colcon.colcon_core.package_identification:_identify(handTracker/models/system) by extensions ['python_setup_py']
[0.466s] Level 1:colcon.colcon_core.package_identification:_identify(handTracker/models/system) by extension 'python_setup_py'
[0.466s] Level 1:colcon.colcon_core.package_identification:_identify(handTracker/models/taskbased-hara) by extensions ['ignore', 'ignore_ament_install']
[0.466s] Level 1:colcon.colcon_core.package_identification:_identify(handTracker/models/taskbased-hara) by extension 'ignore'
[0.466s] Level 1:colcon.colcon_core.package_identification:_identify(handTracker/models/taskbased-hara) by extension 'ignore_ament_install'
[0.466s] Level 1:colcon.colcon_core.package_identification:_identify(handTracker/models/taskbased-hara) by extensions ['colcon_pkg']
[0.466s] Level 1:colcon.colcon_core.package_identification:_identify(handTracker/models/taskbased-hara) by extension 'colcon_pkg'
[0.466s] Level 1:colcon.colcon_core.package_identification:_identify(handTracker/models/taskbased-hara) by extensions ['colcon_meta']
[0.466s] Level 1:colcon.colcon_core.package_identification:_identify(handTracker/models/taskbased-hara) by extension 'colcon_meta'
[0.466s] Level 1:colcon.colcon_core.package_identification:_identify(handTracker/models/taskbased-hara) by extensions ['ros']
[0.466s] Level 1:colcon.colcon_core.package_identification:_identify(handTracker/models/taskbased-hara) by extension 'ros'
[0.467s] Level 1:colcon.colcon_core.package_identification:_identify(handTracker/models/taskbased-hara) by extensions ['cmake', 'python']
[0.467s] Level 1:colcon.colcon_core.package_identification:_identify(handTracker/models/taskbased-hara) by extension 'cmake'
[0.467s] Level 1:colcon.colcon_core.package_identification:_identify(handTracker/models/taskbased-hara) by extension 'python'
[0.467s] Level 1:colcon.colcon_core.package_identification:_identify(handTracker/models/taskbased-hara) by extensions ['python_setup_py']
[0.467s] Level 1:colcon.colcon_core.package_identification:_identify(handTracker/models/taskbased-hara) by extension 'python_setup_py'
[0.467s] Level 1:colcon.colcon_core.package_identification:_identify(handTracker/models/tasks) by extensions ['ignore', 'ignore_ament_install']
[0.467s] Level 1:colcon.colcon_core.package_identification:_identify(handTracker/models/tasks) by extension 'ignore'
[0.467s] Level 1:colcon.colcon_core.package_identification:_identify(handTracker/models/tasks) by extension 'ignore_ament_install'
[0.467s] Level 1:colcon.colcon_core.package_identification:_identify(handTracker/models/tasks) by extensions ['colcon_pkg']
[0.467s] Level 1:colcon.colcon_core.package_identification:_identify(handTracker/models/tasks) by extension 'colcon_pkg'
[0.467s] Level 1:colcon.colcon_core.package_identification:_identify(handTracker/models/tasks) by extensions ['colcon_meta']
[0.467s] Level 1:colcon.colcon_core.package_identification:_identify(handTracker/models/tasks) by extension 'colcon_meta'
[0.467s] Level 1:colcon.colcon_core.package_identification:_identify(handTracker/models/tasks) by extensions ['ros']
[0.467s] Level 1:colcon.colcon_core.package_identification:_identify(handTracker/models/tasks) by extension 'ros'
[0.468s] Level 1:colcon.colcon_core.package_identification:_identify(handTracker/models/tasks) by extensions ['cmake', 'python']
[0.468s] Level 1:colcon.colcon_core.package_identification:_identify(handTracker/models/tasks) by extension 'cmake'
[0.468s] Level 1:colcon.colcon_core.package_identification:_identify(handTracker/models/tasks) by extension 'python'
[0.468s] Level 1:colcon.colcon_core.package_identification:_identify(handTracker/models/tasks) by extensions ['python_setup_py']
[0.468s] Level 1:colcon.colcon_core.package_identification:_identify(handTracker/models/tasks) by extension 'python_setup_py'
[0.468s] Level 1:colcon.colcon_core.package_identification:_identify(install) by extensions ['ignore', 'ignore_ament_install']
[0.468s] Level 1:colcon.colcon_core.package_identification:_identify(install) by extension 'ignore'
[0.468s] Level 1:colcon.colcon_core.package_identification:_identify(install) ignored
[0.468s] Level 1:colcon.colcon_core.package_identification:_identify(log) by extensions ['ignore', 'ignore_ament_install']
[0.468s] Level 1:colcon.colcon_core.package_identification:_identify(log) by extension 'ignore'
[0.468s] Level 1:colcon.colcon_core.package_identification:_identify(log) ignored
[0.468s] Level 1:colcon.colcon_core.package_identification:_identify(models) by extensions ['ignore', 'ignore_ament_install']
[0.469s] Level 1:colcon.colcon_core.package_identification:_identify(models) by extension 'ignore'
[0.469s] Level 1:colcon.colcon_core.package_identification:_identify(models) by extension 'ignore_ament_install'
[0.469s] Level 1:colcon.colcon_core.package_identification:_identify(models) by extensions ['colcon_pkg']
[0.469s] Level 1:colcon.colcon_core.package_identification:_identify(models) by extension 'colcon_pkg'
[0.469s] Level 1:colcon.colcon_core.package_identification:_identify(models) by extensions ['colcon_meta']
[0.469s] Level 1:colcon.colcon_core.package_identification:_identify(models) by extension 'colcon_meta'
[0.469s] Level 1:colcon.colcon_core.package_identification:_identify(models) by extensions ['ros']
[0.469s] Level 1:colcon.colcon_core.package_identification:_identify(models) by extension 'ros'
[0.469s] Level 1:colcon.colcon_core.package_identification:_identify(models) by extensions ['cmake', 'python']
[0.469s] Level 1:colcon.colcon_core.package_identification:_identify(models) by extension 'cmake'
[0.469s] Level 1:colcon.colcon_core.package_identification:_identify(models) by extension 'python'
[0.469s] Level 1:colcon.colcon_core.package_identification:_identify(models) by extensions ['python_setup_py']
[0.469s] Level 1:colcon.colcon_core.package_identification:_identify(models) by extension 'python_setup_py'
[0.469s] Level 1:colcon.colcon_core.package_identification:_identify(models/components) by extensions ['ignore', 'ignore_ament_install']
[0.469s] Level 1:colcon.colcon_core.package_identification:_identify(models/components) by extension 'ignore'
[0.470s] Level 1:colcon.colcon_core.package_identification:_identify(models/components) by extension 'ignore_ament_install'
[0.470s] Level 1:colcon.colcon_core.package_identification:_identify(models/components) by extensions ['colcon_pkg']
[0.470s] Level 1:colcon.colcon_core.package_identification:_identify(models/components) by extension 'colcon_pkg'
[0.470s] Level 1:colcon.colcon_core.package_identification:_identify(models/components) by extensions ['colcon_meta']
[0.470s] Level 1:colcon.colcon_core.package_identification:_identify(models/components) by extension 'colcon_meta'
[0.470s] Level 1:colcon.colcon_core.package_identification:_identify(models/components) by extensions ['ros']
[0.470s] Level 1:colcon.colcon_core.package_identification:_identify(models/components) by extension 'ros'
[0.470s] Level 1:colcon.colcon_core.package_identification:_identify(models/components) by extensions ['cmake', 'python']
[0.470s] Level 1:colcon.colcon_core.package_identification:_identify(models/components) by extension 'cmake'
[0.470s] Level 1:colcon.colcon_core.package_identification:_identify(models/components) by extension 'python'
[0.470s] Level 1:colcon.colcon_core.package_identification:_identify(models/components) by extensions ['python_setup_py']
[0.470s] Level 1:colcon.colcon_core.package_identification:_identify(models/components) by extension 'python_setup_py'
[0.470s] Level 1:colcon.colcon_core.package_identification:_identify(models/services) by extensions ['ignore', 'ignore_ament_install']
[0.470s] Level 1:colcon.colcon_core.package_identification:_identify(models/services) by extension 'ignore'
[0.470s] Level 1:colcon.colcon_core.package_identification:_identify(models/services) by extension 'ignore_ament_install'
[0.471s] Level 1:colcon.colcon_core.package_identification:_identify(models/services) by extensions ['colcon_pkg']
[0.471s] Level 1:colcon.colcon_core.package_identification:_identify(models/services) by extension 'colcon_pkg'
[0.471s] Level 1:colcon.colcon_core.package_identification:_identify(models/services) by extensions ['colcon_meta']
[0.471s] Level 1:colcon.colcon_core.package_identification:_identify(models/services) by extension 'colcon_meta'
[0.471s] Level 1:colcon.colcon_core.package_identification:_identify(models/services) by extensions ['ros']
[0.471s] Level 1:colcon.colcon_core.package_identification:_identify(models/services) by extension 'ros'
[0.471s] Level 1:colcon.colcon_core.package_identification:_identify(models/services) by extensions ['cmake', 'python']
[0.471s] Level 1:colcon.colcon_core.package_identification:_identify(models/services) by extension 'cmake'
[0.471s] Level 1:colcon.colcon_core.package_identification:_identify(models/services) by extension 'python'
[0.471s] Level 1:colcon.colcon_core.package_identification:_identify(models/services) by extensions ['python_setup_py']
[0.471s] Level 1:colcon.colcon_core.package_identification:_identify(models/services) by extension 'python_setup_py'
[0.471s] Level 1:colcon.colcon_core.package_identification:_identify(models/skills) by extensions ['ignore', 'ignore_ament_install']
[0.471s] Level 1:colcon.colcon_core.package_identification:_identify(models/skills) by extension 'ignore'
[0.471s] Level 1:colcon.colcon_core.package_identification:_identify(models/skills) by extension 'ignore_ament_install'
[0.471s] Level 1:colcon.colcon_core.package_identification:_identify(models/skills) by extensions ['colcon_pkg']
[0.472s] Level 1:colcon.colcon_core.package_identification:_identify(models/skills) by extension 'colcon_pkg'
[0.472s] Level 1:colcon.colcon_core.package_identification:_identify(models/skills) by extensions ['colcon_meta']
[0.472s] Level 1:colcon.colcon_core.package_identification:_identify(models/skills) by extension 'colcon_meta'
[0.472s] Level 1:colcon.colcon_core.package_identification:_identify(models/skills) by extensions ['ros']
[0.472s] Level 1:colcon.colcon_core.package_identification:_identify(models/skills) by extension 'ros'
[0.472s] Level 1:colcon.colcon_core.package_identification:_identify(models/skills) by extensions ['cmake', 'python']
[0.472s] Level 1:colcon.colcon_core.package_identification:_identify(models/skills) by extension 'cmake'
[0.472s] Level 1:colcon.colcon_core.package_identification:_identify(models/skills) by extension 'python'
[0.472s] Level 1:colcon.colcon_core.package_identification:_identify(models/skills) by extensions ['python_setup_py']
[0.472s] Level 1:colcon.colcon_core.package_identification:_identify(models/skills) by extension 'python_setup_py'
[0.472s] Level 1:colcon.colcon_core.package_identification:_identify(models/system) by extensions ['ignore', 'ignore_ament_install']
[0.472s] Level 1:colcon.colcon_core.package_identification:_identify(models/system) by extension 'ignore'
[0.472s] Level 1:colcon.colcon_core.package_identification:_identify(models/system) by extension 'ignore_ament_install'
[0.472s] Level 1:colcon.colcon_core.package_identification:_identify(models/system) by extensions ['colcon_pkg']
[0.473s] Level 1:colcon.colcon_core.package_identification:_identify(models/system) by extension 'colcon_pkg'
[0.473s] Level 1:colcon.colcon_core.package_identification:_identify(models/system) by extensions ['colcon_meta']
[0.473s] Level 1:colcon.colcon_core.package_identification:_identify(models/system) by extension 'colcon_meta'
[0.473s] Level 1:colcon.colcon_core.package_identification:_identify(models/system) by extensions ['ros']
[0.473s] Level 1:colcon.colcon_core.package_identification:_identify(models/system) by extension 'ros'
[0.473s] Level 1:colcon.colcon_core.package_identification:_identify(models/system) by extensions ['cmake', 'python']
[0.473s] Level 1:colcon.colcon_core.package_identification:_identify(models/system) by extension 'cmake'
[0.473s] Level 1:colcon.colcon_core.package_identification:_identify(models/system) by extension 'python'
[0.473s] Level 1:colcon.colcon_core.package_identification:_identify(models/system) by extensions ['python_setup_py']
[0.473s] Level 1:colcon.colcon_core.package_identification:_identify(models/system) by extension 'python_setup_py'
[0.473s] Level 1:colcon.colcon_core.package_identification:_identify(models/taskbased-hara) by extensions ['ignore', 'ignore_ament_install']
[0.473s] Level 1:colcon.colcon_core.package_identification:_identify(models/taskbased-hara) by extension 'ignore'
[0.473s] Level 1:colcon.colcon_core.package_identification:_identify(models/taskbased-hara) by extension 'ignore_ament_install'
[0.473s] Level 1:colcon.colcon_core.package_identification:_identify(models/taskbased-hara) by extensions ['colcon_pkg']
[0.473s] Level 1:colcon.colcon_core.package_identification:_identify(models/taskbased-hara) by extension 'colcon_pkg'
[0.473s] Level 1:colcon.colcon_core.package_identification:_identify(models/taskbased-hara) by extensions ['colcon_meta']
[0.474s] Level 1:colcon.colcon_core.package_identification:_identify(models/taskbased-hara) by extension 'colcon_meta'
[0.474s] Level 1:colcon.colcon_core.package_identification:_identify(models/taskbased-hara) by extensions ['ros']
[0.474s] Level 1:colcon.colcon_core.package_identification:_identify(models/taskbased-hara) by extension 'ros'
[0.474s] Level 1:colcon.colcon_core.package_identification:_identify(models/taskbased-hara) by extensions ['cmake', 'python']
[0.474s] Level 1:colcon.colcon_core.package_identification:_identify(models/taskbased-hara) by extension 'cmake'
[0.474s] Level 1:colcon.colcon_core.package_identification:_identify(models/taskbased-hara) by extension 'python'
[0.474s] Level 1:colcon.colcon_core.package_identification:_identify(models/taskbased-hara) by extensions ['python_setup_py']
[0.474s] Level 1:colcon.colcon_core.package_identification:_identify(models/taskbased-hara) by extension 'python_setup_py'
[0.474s] Level 1:colcon.colcon_core.package_identification:_identify(models/tasks) by extensions ['ignore', 'ignore_ament_install']
[0.474s] Level 1:colcon.colcon_core.package_identification:_identify(models/tasks) by extension 'ignore'
[0.474s] Level 1:colcon.colcon_core.package_identification:_identify(models/tasks) by extension 'ignore_ament_install'
[0.474s] Level 1:colcon.colcon_core.package_identification:_identify(models/tasks) by extensions ['colcon_pkg']
[0.474s] Level 1:colcon.colcon_core.package_identification:_identify(models/tasks) by extension 'colcon_pkg'
[0.474s] Level 1:colcon.colcon_core.package_identification:_identify(models/tasks) by extensions ['colcon_meta']
[0.475s] Level 1:colcon.colcon_core.package_identification:_identify(models/tasks) by extension 'colcon_meta'
[0.475s] Level 1:colcon.colcon_core.package_identification:_identify(models/tasks) by extensions ['ros']
[0.475s] Level 1:colcon.colcon_core.package_identification:_identify(models/tasks) by extension 'ros'
[0.475s] Level 1:colcon.colcon_core.package_identification:_identify(models/tasks) by extensions ['cmake', 'python']
[0.475s] Level 1:colcon.colcon_core.package_identification:_identify(models/tasks) by extension 'cmake'
[0.475s] Level 1:colcon.colcon_core.package_identification:_identify(models/tasks) by extension 'python'
[0.475s] Level 1:colcon.colcon_core.package_identification:_identify(models/tasks) by extensions ['python_setup_py']
[0.475s] Level 1:colcon.colcon_core.package_identification:_identify(models/tasks) by extension 'python_setup_py'
[0.475s] Level 1:colcon.colcon_core.package_discovery:discover_packages(recursive) using defaults
[0.475s] Level 1:colcon.colcon_core.package_discovery:discover_packages(ignore) discover
[0.475s] Level 1:colcon.colcon_core.package_discovery:discover_packages(ignore) using defaults
[0.475s] Level 1:colcon.colcon_core.package_discovery:discover_packages(path) discover
[0.475s] Level 1:colcon.colcon_core.package_discovery:discover_packages(path) using defaults
[0.485s] Level 5:colcon.colcon_core.verb:set package 'handgesturerecognition' build argument 'cmake_args' from command line to 'None'
[0.485s] Level 5:colcon.colcon_core.verb:set package 'handgesturerecognition' build argument 'cmake_target' from command line to 'None'
[0.485s] Level 5:colcon.colcon_core.verb:set package 'handgesturerecognition' build argument 'cmake_target_skip_unavailable' from command line to 'False'
[0.485s] Level 5:colcon.colcon_core.verb:set package 'handgesturerecognition' build argument 'cmake_clean_cache' from command line to 'False'
[0.485s] Level 5:colcon.colcon_core.verb:set package 'handgesturerecognition' build argument 'cmake_clean_first' from command line to 'False'
[0.485s] Level 5:colcon.colcon_core.verb:set package 'handgesturerecognition' build argument 'cmake_force_configure' from command line to 'False'
[0.485s] Level 5:colcon.colcon_core.verb:set package 'handgesturerecognition' build argument 'ament_cmake_args' from command line to 'None'
[0.485s] Level 5:colcon.colcon_core.verb:set package 'handgesturerecognition' build argument 'catkin_cmake_args' from command line to 'None'
[0.485s] Level 5:colcon.colcon_core.verb:set package 'handgesturerecognition' build argument 'catkin_skip_building_tests' from command line to 'False'
[0.485s] DEBUG:colcon.colcon_core.verb:Building package 'handgesturerecognition' with the following arguments: {'ament_cmake_args': None, 'build_base': '/home/katya/ros2_ws/handGestureRecognition/build/handgesturerecognition', 'catkin_cmake_args': None, 'catkin_skip_building_tests': False, 'cmake_args': None, 'cmake_clean_cache': False, 'cmake_clean_first': False, 'cmake_force_configure': False, 'cmake_target': None, 'cmake_target_skip_unavailable': False, 'install_base': '/home/katya/ros2_ws/handGestureRecognition/install/handgesturerecognition', 'merge_install': False, 'path': '/home/katya/ros2_ws/handGestureRecognition/handGestureRecognition', 'symlink_install': True, 'test_result_base': None}
[0.486s] INFO:colcon.colcon_core.executor:Executing jobs using 'parallel' executor
[0.488s] DEBUG:colcon.colcon_parallel_executor.executor.parallel:run_until_complete
[0.488s] INFO:colcon.colcon_ros.task.ament_cmake.build:Building ROS package in '/home/katya/ros2_ws/handGestureRecognition/handGestureRecognition' with build type 'ament_cmake'
[0.498s] INFO:colcon.colcon_core.plugin_system:Skipping extension 'colcon_core.shell.bat': Not used on non-Windows systems
[0.498s] INFO:colcon.colcon_cmake.task.cmake.build:Building CMake package in '/home/katya/ros2_ws/handGestureRecognition/handGestureRecognition'
[0.499s] INFO:colcon.colcon_core.shell:Skip shell extension 'powershell' for command environment: Not usable outside of PowerShell
[0.499s] DEBUG:colcon.colcon_core.shell:Skip shell extension 'dsv' for command environment
[0.504s] DEBUG:colcon.colcon_core.shell:Ignoring prefix path '/opt/ros/eloquent'
[0.514s] DEBUG:colcon.colcon_core.event_handler.log_command:Invoking command in '/home/katya/ros2_ws/handGestureRecognition/build/handgesturerecognition': CMAKE_PREFIX_PATH=/opt/ros/eloquent /usr/bin/cmake --build /home/katya/ros2_ws/handGestureRecognition/build/handgesturerecognition -- -j4 -l4
[0.641s] DEBUG:colcon.colcon_core.event_handler.log_command:Invoked command in '/home/katya/ros2_ws/handGestureRecognition/build/handgesturerecognition' returned '0': CMAKE_PREFIX_PATH=/opt/ros/eloquent /usr/bin/cmake --build /home/katya/ros2_ws/handGestureRecognition/build/handgesturerecognition -- -j4 -l4
[0.722s] DEBUG:colcon.colcon_core.event_handler.log_command:Invoking command in '/home/katya/ros2_ws/handGestureRecognition/build/handgesturerecognition': CMAKE_PREFIX_PATH=/opt/ros/eloquent /usr/bin/cmake --build /home/katya/ros2_ws/handGestureRecognition/build/handgesturerecognition --target install -- -j4 -l4
[0.823s] Level 1:colcon.colcon_core.environment:create_environment_scripts_only(handgesturerecognition)
[0.824s] DEBUG:colcon.colcon_core.event_handler.log_command:Invoked command in '/home/katya/ros2_ws/handGestureRecognition/build/handgesturerecognition' returned '0': CMAKE_PREFIX_PATH=/opt/ros/eloquent /usr/bin/cmake --build /home/katya/ros2_ws/handGestureRecognition/build/handgesturerecognition --target install -- -j4 -l4
[0.841s] Level 1:colcon.colcon_core.environment:checking '/home/katya/ros2_ws/handGestureRecognition/install/handgesturerecognition' for CMake module files
[0.841s] Level 1:colcon.colcon_core.environment:checking '/home/katya/ros2_ws/handGestureRecognition/install/handgesturerecognition' for CMake config files
[0.842s] Level 1:colcon.colcon_core.shell:create_environment_hook('handgesturerecognition', 'cmake_prefix_path')
[0.842s] INFO:colcon.colcon_core.shell:Creating environment hook '/home/katya/ros2_ws/handGestureRecognition/install/handgesturerecognition/share/handgesturerecognition/hook/cmake_prefix_path.ps1'
[0.844s] INFO:colcon.colcon_core.shell:Creating environment descriptor '/home/katya/ros2_ws/handGestureRecognition/install/handgesturerecognition/share/handgesturerecognition/hook/cmake_prefix_path.dsv'
[0.846s] INFO:colcon.colcon_core.shell:Creating environment hook '/home/katya/ros2_ws/handGestureRecognition/install/handgesturerecognition/share/handgesturerecognition/hook/cmake_prefix_path.sh'
[0.848s] Level 1:colcon.colcon_core.environment:checking '/home/katya/ros2_ws/handGestureRecognition/install/handgesturerecognition/bin'
[0.848s] Level 1:colcon.colcon_core.environment:checking '/home/katya/ros2_ws/handGestureRecognition/install/handgesturerecognition/lib/pkgconfig/handgesturerecognition.pc'
[0.848s] Level 1:colcon.colcon_core.environment:checking '/home/katya/ros2_ws/handGestureRecognition/install/handgesturerecognition/lib/python3.6/site-packages'
[0.849s] INFO:colcon.colcon_core.shell:Creating package script '/home/katya/ros2_ws/handGestureRecognition/install/handgesturerecognition/share/handgesturerecognition/package.ps1'
[0.851s] INFO:colcon.colcon_core.shell:Creating package descriptor '/home/katya/ros2_ws/handGestureRecognition/install/handgesturerecognition/share/handgesturerecognition/package.dsv'
[0.852s] INFO:colcon.colcon_core.shell:Creating package script '/home/katya/ros2_ws/handGestureRecognition/install/handgesturerecognition/share/handgesturerecognition/package.sh'
[0.854s] INFO:colcon.colcon_core.shell:Creating package script '/home/katya/ros2_ws/handGestureRecognition/install/handgesturerecognition/share/handgesturerecognition/package.bash'
[0.856s] INFO:colcon.colcon_core.shell:Creating package script '/home/katya/ros2_ws/handGestureRecognition/install/handgesturerecognition/share/handgesturerecognition/package.zsh'
[0.857s] Level 1:colcon.colcon_core.environment:create_file_with_runtime_dependencies(/home/katya/ros2_ws/handGestureRecognition/install/handgesturerecognition/share/colcon-core/packages/handgesturerecognition)
[0.858s] DEBUG:colcon.colcon_parallel_executor.executor.parallel:closing loop
[0.858s] DEBUG:colcon.colcon_parallel_executor.executor.parallel:loop closed
[0.858s] DEBUG:colcon.colcon_parallel_executor.executor.parallel:run_until_complete finished with '0'
[0.858s] DEBUG:colcon.colcon_core.event_reactor:joining thread
[0.873s] INFO:colcon.colcon_core.plugin_system:Skipping extension 'colcon_notification.desktop_notification.terminal_notifier': Not used on non-Darwin systems
[0.873s] INFO:colcon.colcon_core.plugin_system:Skipping extension 'colcon_notification.desktop_notification.win32': Not used on non-Windows systems
[0.873s] INFO:colcon.colcon_notification.desktop_notification:Sending desktop notification using 'notify2'
[0.880s] DEBUG:colcon.colcon_core.event_reactor:joined thread
[0.883s] INFO:colcon.colcon_core.shell:Creating prefix script '/home/katya/ros2_ws/handGestureRecognition/install/local_setup.ps1'
[0.887s] INFO:colcon.colcon_core.shell:Creating prefix util module '/home/katya/ros2_ws/handGestureRecognition/install/_local_setup_util_ps1.py'
[0.893s] INFO:colcon.colcon_core.shell:Creating prefix chain script '/home/katya/ros2_ws/handGestureRecognition/install/setup.ps1'
[0.910s] INFO:colcon.colcon_core.shell:Creating prefix script '/home/katya/ros2_ws/handGestureRecognition/install/local_setup.sh'
[0.912s] INFO:colcon.colcon_core.shell:Creating prefix util module '/home/katya/ros2_ws/handGestureRecognition/install/_local_setup_util_sh.py'
[0.912s] INFO:colcon.colcon_core.shell:Creating prefix chain script '/home/katya/ros2_ws/handGestureRecognition/install/setup.sh'
[0.916s] INFO:colcon.colcon_core.shell:Creating prefix script '/home/katya/ros2_ws/handGestureRecognition/install/local_setup.bash'
[0.918s] INFO:colcon.colcon_core.shell:Creating prefix chain script '/home/katya/ros2_ws/handGestureRecognition/install/setup.bash'
[0.931s] INFO:colcon.colcon_core.shell:Creating prefix script '/home/katya/ros2_ws/handGestureRecognition/install/local_setup.zsh'
[0.932s] INFO:colcon.colcon_core.shell:Creating prefix chain script '/home/katya/ros2_ws/handGestureRecognition/install/setup.zsh'
